INFO 2025-11-29 18:37:48,420 autoreload Watching for file changes with StatReloader
INFO 2025-11-29 19:20:52,099 autoreload Watching for file changes with StatReloader
INFO 2025-11-29 19:23:56,409 autoreload Watching for file changes with StatReloader
WARNING 2025-11-29 19:24:46,084 log Not Found: /api/post/1/
WARNING 2025-11-29 19:24:46,126 basehttp "GET /api/post/1/ HTTP/1.1" 404 11410
ERROR 2025-11-29 19:24:46,553 log Internal Server Error: /api/posts/
Traceback (most recent call last):
  File "C:\Users\ASUS\Downloads\vs code\.vscode\Coffee'n me\.venv\Lib\site-packages\django\db\backends\utils.py", line 105, in _execute
    return self.cursor.execute(sql, params)
           ~~~~~~~~~~~~~~~~~~~^^^^^^^^^^^^^
  File "C:\Users\ASUS\Downloads\vs code\.vscode\Coffee'n me\.venv\Lib\site-packages\django\db\backends\sqlite3\base.py", line 329, in execute
    return super().execute(query, params)
           ~~~~~~~~~~~~~~~^^^^^^^^^^^^^^^
sqlite3.OperationalError: no such column: blog_post.status

The above exception was the direct cause of the following exception:

Traceback (most recent call last):
  File "C:\Users\ASUS\Downloads\vs code\.vscode\Coffee'n me\.venv\Lib\site-packages\django\core\handlers\exception.py", line 55, in inner
    response = get_response(request)
  File "C:\Users\ASUS\Downloads\vs code\.vscode\Coffee'n me\.venv\Lib\site-packages\django\core\handlers\base.py", line 197, in _get_response
    response = wrapped_callback(request, *callback_args, **callback_kwargs)
  File "C:\Users\ASUS\Downloads\vs code\.vscode\Coffee'n me\.venv\Lib\site-packages\django\views\decorators\csrf.py", line 65, in _view_wrapper
    return view_func(request, *args, **kwargs)
  File "C:\Users\ASUS\Downloads\vs code\.vscode\Coffee'n me\.venv\Lib\site-packages\rest_framework\viewsets.py", line 125, in view
    return self.dispatch(request, *args, **kwargs)
           ~~~~~~~~~~~~~^^^^^^^^^^^^^^^^^^^^^^^^^^
  File "C:\Users\ASUS\Downloads\vs code\.vscode\Coffee'n me\.venv\Lib\site-packages\rest_framework\views.py", line 515, in dispatch
    response = self.handle_exception(exc)
  File "C:\Users\ASUS\Downloads\vs code\.vscode\Coffee'n me\.venv\Lib\site-packages\rest_framework\views.py", line 475, in handle_exception
    self.raise_uncaught_exception(exc)
    ~~~~~~~~~~~~~~~~~~~~~~~~~~~~~^^^^^
  File "C:\Users\ASUS\Downloads\vs code\.vscode\Coffee'n me\.venv\Lib\site-packages\rest_framework\views.py", line 486, in raise_uncaught_exception
    raise exc
  File "C:\Users\ASUS\Downloads\vs code\.vscode\Coffee'n me\.venv\Lib\site-packages\rest_framework\views.py", line 512, in dispatch
    response = handler(request, *args, **kwargs)
  File "C:\Users\ASUS\Downloads\vs code\.vscode\Coffee'n me\.venv\Lib\site-packages\rest_framework\mixins.py", line 40, in list
    page = self.paginate_queryset(queryset)
  File "C:\Users\ASUS\Downloads\vs code\.vscode\Coffee'n me\.venv\Lib\site-packages\rest_framework\generics.py", line 175, in paginate_queryset
    return self.paginator.paginate_queryset(queryset, self.request, view=self)
           ~~~~~~~~~~~~~~~~~~~~~~~~~~~~~~~~^^^^^^^^^^^^^^^^^^^^^^^^^^^^^^^^^^^
  File "C:\Users\ASUS\Downloads\vs code\.vscode\Coffee'n me\.venv\Lib\site-packages\rest_framework\pagination.py", line 211, in paginate_queryset
    self.page = paginator.page(page_number)
                ~~~~~~~~~~~~~~^^^^^^^^^^^^^
  File "C:\Users\ASUS\Downloads\vs code\.vscode\Coffee'n me\.venv\Lib\site-packages\django\core\paginator.py", line 89, in page
    number = self.validate_number(number)
  File "C:\Users\ASUS\Downloads\vs code\.vscode\Coffee'n me\.venv\Lib\site-packages\django\core\paginator.py", line 70, in validate_number
    if number > self.num_pages:
                ^^^^^^^^^^^^^^
  File "C:\Users\ASUS\Downloads\vs code\.vscode\Coffee'n me\.venv\Lib\site-packages\django\utils\functional.py", line 47, in __get__
    res = instance.__dict__[self.name] = self.func(instance)
                                         ~~~~~~~~~^^^^^^^^^^
  File "C:\Users\ASUS\Downloads\vs code\.vscode\Coffee'n me\.venv\Lib\site-packages\django\core\paginator.py", line 116, in num_pages
    if self.count == 0 and not self.allow_empty_first_page:
       ^^^^^^^^^^
  File "C:\Users\ASUS\Downloads\vs code\.vscode\Coffee'n me\.venv\Lib\site-packages\django\utils\functional.py", line 47, in __get__
    res = instance.__dict__[self.name] = self.func(instance)
                                         ~~~~~~~~~^^^^^^^^^^
  File "C:\Users\ASUS\Downloads\vs code\.vscode\Coffee'n me\.venv\Lib\site-packages\django\core\paginator.py", line 110, in count
    return c()
  File "C:\Users\ASUS\Downloads\vs code\.vscode\Coffee'n me\.venv\Lib\site-packages\django\db\models\query.py", line 620, in count
    return self.query.get_count(using=self.db)
           ~~~~~~~~~~~~~~~~~~~~^^^^^^^^^^^^^^^
  File "C:\Users\ASUS\Downloads\vs code\.vscode\Coffee'n me\.venv\Lib\site-packages\django\db\models\sql\query.py", line 629, in get_count
    return obj.get_aggregation(using, {"__count": Count("*")})["__count"]
           ~~~~~~~~~~~~~~~~~~~^^^^^^^^^^^^^^^^^^^^^^^^^^^^^^^^
  File "C:\Users\ASUS\Downloads\vs code\.vscode\Coffee'n me\.venv\Lib\site-packages\django\db\models\sql\query.py", line 615, in get_aggregation
    result = compiler.execute_sql(SINGLE)
  File "C:\Users\ASUS\Downloads\vs code\.vscode\Coffee'n me\.venv\Lib\site-packages\django\db\models\sql\compiler.py", line 1562, in execute_sql
    cursor.execute(sql, params)
    ~~~~~~~~~~~~~~^^^^^^^^^^^^^
  File "C:\Users\ASUS\Downloads\vs code\.vscode\Coffee'n me\.venv\Lib\site-packages\django\db\backends\utils.py", line 122, in execute
    return super().execute(sql, params)
           ~~~~~~~~~~~~~~~^^^^^^^^^^^^^
  File "C:\Users\ASUS\Downloads\vs code\.vscode\Coffee'n me\.venv\Lib\site-packages\django\db\backends\utils.py", line 79, in execute
    return self._execute_with_wrappers(
           ~~~~~~~~~~~~~~~~~~~~~~~~~~~^
        sql, params, many=False, executor=self._execute
        ^^^^^^^^^^^^^^^^^^^^^^^^^^^^^^^^^^^^^^^^^^^^^^^
    )
    ^
  File "C:\Users\ASUS\Downloads\vs code\.vscode\Coffee'n me\.venv\Lib\site-packages\django\db\backends\utils.py", line 92, in _execute_with_wrappers
    return executor(sql, params, many, context)
  File "C:\Users\ASUS\Downloads\vs code\.vscode\Coffee'n me\.venv\Lib\site-packages\django\db\backends\utils.py", line 100, in _execute
    with self.db.wrap_database_errors:
         ^^^^^^^^^^^^^^^^^^^^^^^^^^^^
  File "C:\Users\ASUS\Downloads\vs code\.vscode\Coffee'n me\.venv\Lib\site-packages\django\db\utils.py", line 91, in __exit__
    raise dj_exc_value.with_traceback(traceback) from exc_value
  File "C:\Users\ASUS\Downloads\vs code\.vscode\Coffee'n me\.venv\Lib\site-packages\django\db\backends\utils.py", line 105, in _execute
    return self.cursor.execute(sql, params)
           ~~~~~~~~~~~~~~~~~~~^^^^^^^^^^^^^
  File "C:\Users\ASUS\Downloads\vs code\.vscode\Coffee'n me\.venv\Lib\site-packages\django\db\backends\sqlite3\base.py", line 329, in execute
    return super().execute(query, params)
           ~~~~~~~~~~~~~~~^^^^^^^^^^^^^^^
django.db.utils.OperationalError: no such column: blog_post.status
ERROR 2025-11-29 19:24:46,623 basehttp "GET /api/posts/ HTTP/1.1" 500 198872
INFO 2025-11-29 19:39:56,553 autoreload Watching for file changes with StatReloader
INFO 2025-11-29 19:41:52,315 autoreload Watching for file changes with StatReloader
WARNING 2025-11-29 19:42:03,738 log Not Found: /
WARNING 2025-11-29 19:42:03,742 basehttp "GET / HTTP/1.1" 404 2286
WARNING 2025-11-29 19:42:07,352 log Not Found: /
WARNING 2025-11-29 19:42:07,355 basehttp "GET / HTTP/1.1" 404 2286
WARNING 2025-11-29 19:42:09,228 log Not Found: /
WARNING 2025-11-29 19:42:09,230 basehttp "GET / HTTP/1.1" 404 2286
INFO 2025-11-29 19:42:14,599 basehttp "GET /api/posts/ HTTP/1.1" 200 52
INFO 2025-11-29 19:42:25,419 basehttp "GET /api/posts/ HTTP/1.1" 200 52
INFO 2025-11-29 19:42:28,416 basehttp "GET /api/posts/ HTTP/1.1" 200 52
INFO 2025-11-29 19:42:38,473 basehttp "GET /api/posts/ HTTP/1.1" 200 52
INFO 2025-11-29 19:42:42,932 basehttp "GET /api/categories/ HTTP/1.1" 200 52
INFO 2025-11-29 19:42:50,178 basehttp "GET /api/posts/ HTTP/1.1" 200 52
INFO 2025-11-29 19:45:02,655 autoreload Watching for file changes with StatReloader
WARNING 2025-11-29 19:45:09,145 log Not Found: /
WARNING 2025-11-29 19:45:09,146 basehttp "GET / HTTP/1.1" 404 2286
WARNING 2025-11-29 19:45:12,507 log Not Found: /
WARNING 2025-11-29 19:45:12,508 basehttp "GET / HTTP/1.1" 404 2286
INFO 2025-11-29 19:45:19,413 basehttp "GET /admin/ HTTP/1.1" 302 0
INFO 2025-11-29 19:45:20,206 basehttp "GET /admin/login/?next=/admin/ HTTP/1.1" 200 4158
INFO 2025-11-29 19:45:20,643 basehttp "GET /static/admin/css/login.css HTTP/1.1" 200 958
INFO 2025-11-29 19:45:20,645 basehttp "GET /static/admin/css/dark_mode.css HTTP/1.1" 200 2682
INFO 2025-11-29 19:45:20,662 basehttp "GET /static/admin/css/nav_sidebar.css HTTP/1.1" 200 2810
INFO 2025-11-29 19:45:20,662 basehttp "GET /static/admin/css/responsive.css HTTP/1.1" 200 17905
INFO 2025-11-29 19:45:20,711 basehttp "GET /static/admin/css/base.css HTTP/1.1" 200 21544
INFO 2025-11-29 19:45:20,772 basehttp "GET /static/admin/js/theme.js HTTP/1.1" 200 1943
INFO 2025-11-29 19:45:20,774 basehttp "GET /static/admin/js/nav_sidebar.js HTTP/1.1" 200 3063
INFO 2025-11-29 19:45:24,397 basehttp "POST /admin/login/?next=/admin/ HTTP/1.1" 200 4329
INFO 2025-11-29 19:45:40,504 basehttp "POST /admin/login/?next=/admin/ HTTP/1.1" 200 4330
INFO 2025-11-29 19:46:10,122 basehttp "POST /admin/login/?next=/admin/ HTTP/1.1" 200 4327
INFO 2025-11-29 19:46:24,983 basehttp "GET /admin/login/?next=/admin/ HTTP/1.1" 200 4158
WARNING 2025-11-29 19:46:34,497 log Not Found: /
WARNING 2025-11-29 19:46:34,498 basehttp "GET / HTTP/1.1" 404 2286
INFO 2025-11-29 19:46:47,685 basehttp "GET /api/home/?format=api HTTP/1.1" 200 5585
WARNING 2025-11-29 19:47:07,212 log Not Found: /api/blog/
WARNING 2025-11-29 19:47:07,217 basehttp "GET /api/blog/?format=api HTTP/1.1" 404 11415
WARNING 2025-11-29 19:47:17,668 log Not Found: /api/blog/
WARNING 2025-11-29 19:47:17,669 basehttp "GET /api/blog/ HTTP/1.1" 404 11404
INFO 2025-11-29 20:14:16,840 autoreload Watching for file changes with StatReloader
INFO 2025-11-29 20:28:54,420 autoreload Watching for file changes with StatReloader
WARNING 2025-11-29 20:30:44,699 log Not Found: /
WARNING 2025-11-29 20:30:44,725 basehttp "GET / HTTP/1.1" 404 2286
WARNING 2025-11-29 20:30:44,952 log Not Found: /favicon.ico
WARNING 2025-11-29 20:30:44,967 basehttp "GET /favicon.ico HTTP/1.1" 404 2337
INFO 2025-11-29 20:31:22,622 basehttp "GET /api/home/ HTTP/1.1" 200 146
INFO 2025-11-29 20:31:36,818 basehttp "GET /api/posts/ HTTP/1.1" 200 52
INFO 2025-11-29 20:31:42,853 basehttp "GET /api/categories/ HTTP/1.1" 200 52
INFO 2025-11-29 20:32:00,274 basehttp "GET /admin/ HTTP/1.1" 302 0
INFO 2025-11-29 20:32:00,645 basehttp "GET /admin/login/?next=/admin/ HTTP/1.1" 200 4158
INFO 2025-11-29 20:32:01,938 basehttp "GET /static/admin/js/theme.js HTTP/1.1" 200 1943
INFO 2025-11-29 20:32:01,938 basehttp "GET /static/admin/css/nav_sidebar.css HTTP/1.1" 200 2810
INFO 2025-11-29 20:32:01,939 basehttp "GET /static/admin/css/dark_mode.css HTTP/1.1" 200 2682
INFO 2025-11-29 20:32:01,939 basehttp "GET /static/admin/css/responsive.css HTTP/1.1" 200 17905
INFO 2025-11-29 20:32:01,940 basehttp "GET /static/admin/css/login.css HTTP/1.1" 200 958
INFO 2025-11-29 20:32:01,943 basehttp "GET /static/admin/css/base.css HTTP/1.1" 200 21544
INFO 2025-11-29 20:32:02,025 basehttp "GET /static/admin/js/nav_sidebar.js HTTP/1.1" 200 3063
INFO 2025-11-29 20:32:21,175 basehttp "GET /api/ HTTP/1.1" 200 5672
INFO 2025-11-29 20:32:21,428 basehttp "GET /static/rest_framework/css/bootstrap-tweaks.css HTTP/1.1" 200 3426
INFO 2025-11-29 20:32:21,471 basehttp "GET /static/rest_framework/css/prettify.css HTTP/1.1" 200 817
INFO 2025-11-29 20:32:21,483 basehttp "GET /static/rest_framework/css/bootstrap.min.css HTTP/1.1" 200 121457
INFO 2025-11-29 20:32:21,476 basehttp "GET /static/rest_framework/css/default.css HTTP/1.1" 200 1152
INFO 2025-11-29 20:32:21,844 basehttp "GET /static/rest_framework/js/default.js HTTP/1.1" 200 1268
INFO 2025-11-29 20:32:21,846 basehttp "GET /static/rest_framework/js/csrf.js HTTP/1.1" 200 1793
INFO 2025-11-29 20:32:21,847 basehttp "GET /static/rest_framework/js/ajax-form.js HTTP/1.1" 200 3796
INFO 2025-11-29 20:32:21,863 basehttp "GET /static/rest_framework/js/prettify-min.js HTTP/1.1" 200 13632
INFO 2025-11-29 20:32:21,894 basehttp "GET /static/rest_framework/js/load-ajax-form.js HTTP/1.1" 200 59
INFO 2025-11-29 20:32:21,948 basehttp "GET /static/rest_framework/img/grid.png HTTP/1.1" 200 1458
INFO 2025-11-29 20:32:21,989 basehttp "GET /static/rest_framework/js/bootstrap.min.js HTTP/1.1" 200 39680
INFO 2025-11-29 20:32:21,994 basehttp "GET /static/rest_framework/js/jquery-3.7.1.min.js HTTP/1.1" 200 87533
INFO 2025-11-29 20:32:30,747 basehttp "GET /api/ HTTP/1.1" 200 5672
INFO 2025-12-01 18:24:39,111 autoreload Watching for file changes with StatReloader
INFO 2025-12-01 18:25:28,063 basehttp "GET /api/home/ HTTP/1.1" 200 146
INFO 2025-12-01 18:25:36,958 basehttp "GET /api/posts/ HTTP/1.1" 200 52
INFO 2025-12-01 18:25:42,905 basehttp "GET /api/categories/ HTTP/1.1" 200 52
INFO 2025-12-01 18:25:49,962 basehttp "GET /api/posts/ HTTP/1.1" 200 52
INFO 2025-12-01 18:25:56,442 basehttp "GET /admin/ HTTP/1.1" 302 0
INFO 2025-12-01 18:25:57,191 basehttp "GET /admin/login/?next=/admin/ HTTP/1.1" 200 4158
INFO 2025-12-01 18:25:57,278 basehttp "GET /static/admin/css/base.css HTTP/1.1" 304 0
INFO 2025-12-01 18:25:57,292 basehttp "GET /static/admin/css/nav_sidebar.css HTTP/1.1" 304 0
INFO 2025-12-01 18:25:57,301 basehttp "GET /static/admin/css/dark_mode.css HTTP/1.1" 304 0
INFO 2025-12-01 18:25:57,327 basehttp "GET /static/admin/css/login.css HTTP/1.1" 304 0
INFO 2025-12-01 18:25:57,325 basehttp "GET /static/admin/js/nav_sidebar.js HTTP/1.1" 304 0
INFO 2025-12-01 18:25:57,332 basehttp "GET /static/admin/js/theme.js HTTP/1.1" 304 0
INFO 2025-12-01 18:25:57,332 basehttp "GET /static/admin/css/responsive.css HTTP/1.1" 304 0
WARNING 2025-12-01 18:25:57,998 log Not Found: /favicon.ico
WARNING 2025-12-01 18:25:57,999 basehttp "GET /favicon.ico HTTP/1.1" 404 2337
INFO 2025-12-01 18:26:16,193 basehttp "POST /admin/login/?next=/admin/ HTTP/1.1" 200 4329
INFO 2025-12-01 18:26:27,699 basehttp "POST /admin/login/?next=/admin/ HTTP/1.1" 200 4330
INFO 2025-12-01 18:26:41,414 basehttp "POST /admin/login/?next=/admin/ HTTP/1.1" 302 0
INFO 2025-12-01 18:26:41,494 basehttp "GET /admin/ HTTP/1.1" 200 8239
INFO 2025-12-01 18:26:41,801 basehttp "GET /static/admin/css/dashboard.css HTTP/1.1" 200 441
INFO 2025-12-01 18:26:41,805 basehttp "GET /static/admin/img/icon-changelink.svg HTTP/1.1" 200 380
INFO 2025-12-01 18:26:41,807 basehttp "GET /static/admin/img/icon-addlink.svg HTTP/1.1" 200 331
INFO 2025-12-01 18:30:52,867 basehttp "GET /admin/blog/category/add/ HTTP/1.1" 200 12969
INFO 2025-12-01 18:30:53,012 basehttp "GET /static/admin/css/forms.css HTTP/1.1" 200 9090
INFO 2025-12-01 18:30:53,117 basehttp "GET /static/admin/js/jquery.init.js HTTP/1.1" 200 347
INFO 2025-12-01 18:30:53,156 basehttp "GET /admin/jsi18n/ HTTP/1.1" 200 3342
INFO 2025-12-01 18:30:53,165 basehttp "GET /static/admin/js/core.js HTTP/1.1" 200 6208
INFO 2025-12-01 18:30:53,165 basehttp "GET /static/admin/css/widgets.css HTTP/1.1" 200 11800
INFO 2025-12-01 18:30:53,216 basehttp "GET /static/admin/js/urlify.js HTTP/1.1" 200 7887
INFO 2025-12-01 18:30:53,230 basehttp "GET /static/admin/js/prepopulate.js HTTP/1.1" 200 1531
INFO 2025-12-01 18:30:53,261 basehttp "GET /static/admin/js/actions.js HTTP/1.1" 200 8067
INFO 2025-12-01 18:30:53,267 basehttp "GET /static/admin/js/prepopulate_init.js HTTP/1.1" 200 586
INFO 2025-12-01 18:30:53,276 basehttp "GET /static/admin/js/admin/RelatedObjectLookups.js HTTP/1.1" 200 9042
INFO 2025-12-01 18:30:53,330 basehttp "GET /static/admin/js/vendor/jquery/jquery.js HTTP/1.1" 200 285314
INFO 2025-12-01 18:30:53,363 basehttp "GET /static/admin/js/change_form.js HTTP/1.1" 200 606
INFO 2025-12-01 18:30:53,433 basehttp "GET /static/admin/js/vendor/xregexp/xregexp.js HTTP/1.1" 200 325171
ERROR 2025-12-01 18:31:03,113 log Internal Server Error: /admin/blog/post/add/
Traceback (most recent call last):
  File "C:\Users\ASUS\Downloads\vs code\.vscode\Coffee'n me\.venv\Lib\site-packages\django\forms\forms.py", line 174, in __getitem__
    field = self.fields[name]
            ~~~~~~~~~~~^^^^^^
KeyError: 'slug'

During handling of the above exception, another exception occurred:

Traceback (most recent call last):
  File "C:\Users\ASUS\Downloads\vs code\.vscode\Coffee'n me\.venv\Lib\site-packages\django\core\handlers\exception.py", line 55, in inner
    response = get_response(request)
  File "C:\Users\ASUS\Downloads\vs code\.vscode\Coffee'n me\.venv\Lib\site-packages\django\core\handlers\base.py", line 197, in _get_response
    response = wrapped_callback(request, *callback_args, **callback_kwargs)
  File "C:\Users\ASUS\Downloads\vs code\.vscode\Coffee'n me\.venv\Lib\site-packages\django\contrib\admin\options.py", line 716, in wrapper
    return self.admin_site.admin_view(view)(*args, **kwargs)
           ~~~~~~~~~~~~~~~~~~~~~~~~~~~~~~~~^^^^^^^^^^^^^^^^^
  File "C:\Users\ASUS\Downloads\vs code\.vscode\Coffee'n me\.venv\Lib\site-packages\django\utils\decorators.py", line 188, in _view_wrapper
    result = _process_exception(request, e)
  File "C:\Users\ASUS\Downloads\vs code\.vscode\Coffee'n me\.venv\Lib\site-packages\django\utils\decorators.py", line 186, in _view_wrapper
    response = view_func(request, *args, **kwargs)
  File "C:\Users\ASUS\Downloads\vs code\.vscode\Coffee'n me\.venv\Lib\site-packages\django\views\decorators\cache.py", line 80, in _view_wrapper
    response = view_func(request, *args, **kwargs)
  File "C:\Users\ASUS\Downloads\vs code\.vscode\Coffee'n me\.venv\Lib\site-packages\django\contrib\admin\sites.py", line 240, in inner
    return view(request, *args, **kwargs)
  File "C:\Users\ASUS\Downloads\vs code\.vscode\Coffee'n me\.venv\Lib\site-packages\django\contrib\admin\options.py", line 1945, in add_view
    return self.changeform_view(request, None, form_url, extra_context)
           ~~~~~~~~~~~~~~~~~~~~^^^^^^^^^^^^^^^^^^^^^^^^^^^^^^^^^^^^^^^^
  File "C:\Users\ASUS\Downloads\vs code\.vscode\Coffee'n me\.venv\Lib\site-packages\django\utils\decorators.py", line 48, in _wrapper
    return bound_method(*args, **kwargs)
  File "C:\Users\ASUS\Downloads\vs code\.vscode\Coffee'n me\.venv\Lib\site-packages\django\utils\decorators.py", line 188, in _view_wrapper
    result = _process_exception(request, e)
  File "C:\Users\ASUS\Downloads\vs code\.vscode\Coffee'n me\.venv\Lib\site-packages\django\utils\decorators.py", line 186, in _view_wrapper
    response = view_func(request, *args, **kwargs)
  File "C:\Users\ASUS\Downloads\vs code\.vscode\Coffee'n me\.venv\Lib\site-packages\django\contrib\admin\options.py", line 1804, in changeform_view
    return self._changeform_view(request, object_id, form_url, extra_context)
           ~~~~~~~~~~~~~~~~~~~~~^^^^^^^^^^^^^^^^^^^^^^^^^^^^^^^^^^^^^^^^^^^^^
  File "C:\Users\ASUS\Downloads\vs code\.vscode\Coffee'n me\.venv\Lib\site-packages\django\contrib\admin\options.py", line 1885, in _changeform_view
    admin_form = helpers.AdminForm(
        form,
    ...<8 lines>...
        model_admin=self,
    )
  File "C:\Users\ASUS\Downloads\vs code\.vscode\Coffee'n me\.venv\Lib\site-packages\django\contrib\admin\helpers.py", line 50, in __init__
    {"field": form[field_name], "dependencies": [form[f] for f in dependencies]}
              ~~~~^^^^^^^^^^^^
  File "C:\Users\ASUS\Downloads\vs code\.vscode\Coffee'n me\.venv\Lib\site-packages\django\forms\forms.py", line 176, in __getitem__
    raise KeyError(
    ...<6 lines>...
    )
KeyError: "Key 'slug' not found in 'PostForm'. Choices are: author, category, content, excerpt, featured_image, is_featured, meta_description, meta_keywords, status, tags, title."
ERROR 2025-12-01 18:31:03,139 basehttp "GET /admin/blog/post/add/ HTTP/1.1" 500 145049
INFO 2025-12-01 18:31:10,540 basehttp "GET /admin/blog/category/add/ HTTP/1.1" 200 12969
INFO 2025-12-01 18:31:14,843 basehttp "GET /admin/blog/category/add/ HTTP/1.1" 200 12969
INFO 2025-12-01 18:31:14,893 basehttp "GET /admin/jsi18n/ HTTP/1.1" 200 3342
INFO 2025-12-01 18:31:16,451 basehttp "GET /admin/blog/comment/add/ HTTP/1.1" 200 14344
INFO 2025-12-01 18:31:16,497 basehttp "GET /admin/jsi18n/ HTTP/1.1" 200 3342
INFO 2025-12-01 18:31:16,564 basehttp "GET /static/admin/img/search.svg HTTP/1.1" 200 458
INFO 2025-12-01 18:31:16,577 basehttp "GET /static/admin/img/icon-viewlink.svg HTTP/1.1" 200 581
INFO 2025-12-01 18:35:50,065 autoreload Watching for file changes with StatReloader
INFO 2025-12-01 18:36:07,428 basehttp "GET /admin/blog/comment/add/ HTTP/1.1" 200 14344
INFO 2025-12-01 18:36:07,616 basehttp "GET /admin/jsi18n/ HTTP/1.1" 200 3342
WARNING 2025-12-01 18:36:18,402 log Not Found: /
WARNING 2025-12-01 18:36:18,403 basehttp "GET / HTTP/1.1" 404 2286
INFO 2025-12-01 18:36:25,805 basehttp "GET /api/home/?format=api HTTP/1.1" 200 5630
WARNING 2025-12-01 18:36:47,053 log Not Found: /api/post/
WARNING 2025-12-01 18:36:47,056 basehttp "GET /api/post/?format=api HTTP/1.1" 404 11415
WARNING 2025-12-01 18:36:54,690 log Not Found: /api/post/
WARNING 2025-12-01 18:36:54,691 basehttp "GET /api/post/ HTTP/1.1" 404 11404
INFO 2025-12-01 18:37:21,133 basehttp "GET /api/posts/ HTTP/1.1" 200 52
INFO 2025-12-01 18:37:25,486 basehttp "GET /api/posts/ HTTP/1.1" 200 52
INFO 2025-12-01 18:37:27,918 basehttp "GET /api/home/ HTTP/1.1" 200 146
INFO 2025-12-01 18:37:46,340 basehttp "GET /api/posts/?search=art HTTP/1.1" 200 52
INFO 2025-12-01 18:55:25,031 autoreload Watching for file changes with StatReloader
INFO 2025-12-01 18:55:31,625 basehttp "GET /admin/ HTTP/1.1" 200 8984
ERROR 2025-12-01 18:55:48,868 log Internal Server Error: /admin/blog/post/add/
Traceback (most recent call last):
  File "C:\Users\ASUS\Downloads\vs code\.vscode\Coffee'n me\.venv\Lib\site-packages\django\forms\forms.py", line 174, in __getitem__
    field = self.fields[name]
            ~~~~~~~~~~~^^^^^^
KeyError: 'slug'

During handling of the above exception, another exception occurred:

Traceback (most recent call last):
  File "C:\Users\ASUS\Downloads\vs code\.vscode\Coffee'n me\.venv\Lib\site-packages\django\core\handlers\exception.py", line 55, in inner
    response = get_response(request)
  File "C:\Users\ASUS\Downloads\vs code\.vscode\Coffee'n me\.venv\Lib\site-packages\django\core\handlers\base.py", line 197, in _get_response
    response = wrapped_callback(request, *callback_args, **callback_kwargs)
  File "C:\Users\ASUS\Downloads\vs code\.vscode\Coffee'n me\.venv\Lib\site-packages\django\contrib\admin\options.py", line 716, in wrapper
    return self.admin_site.admin_view(view)(*args, **kwargs)
           ~~~~~~~~~~~~~~~~~~~~~~~~~~~~~~~~^^^^^^^^^^^^^^^^^
  File "C:\Users\ASUS\Downloads\vs code\.vscode\Coffee'n me\.venv\Lib\site-packages\django\utils\decorators.py", line 188, in _view_wrapper
    result = _process_exception(request, e)
  File "C:\Users\ASUS\Downloads\vs code\.vscode\Coffee'n me\.venv\Lib\site-packages\django\utils\decorators.py", line 186, in _view_wrapper
    response = view_func(request, *args, **kwargs)
  File "C:\Users\ASUS\Downloads\vs code\.vscode\Coffee'n me\.venv\Lib\site-packages\django\views\decorators\cache.py", line 80, in _view_wrapper
    response = view_func(request, *args, **kwargs)
  File "C:\Users\ASUS\Downloads\vs code\.vscode\Coffee'n me\.venv\Lib\site-packages\django\contrib\admin\sites.py", line 240, in inner
    return view(request, *args, **kwargs)
  File "C:\Users\ASUS\Downloads\vs code\.vscode\Coffee'n me\.venv\Lib\site-packages\django\contrib\admin\options.py", line 1945, in add_view
    return self.changeform_view(request, None, form_url, extra_context)
           ~~~~~~~~~~~~~~~~~~~~^^^^^^^^^^^^^^^^^^^^^^^^^^^^^^^^^^^^^^^^
  File "C:\Users\ASUS\Downloads\vs code\.vscode\Coffee'n me\.venv\Lib\site-packages\django\utils\decorators.py", line 48, in _wrapper
    return bound_method(*args, **kwargs)
  File "C:\Users\ASUS\Downloads\vs code\.vscode\Coffee'n me\.venv\Lib\site-packages\django\utils\decorators.py", line 188, in _view_wrapper
    result = _process_exception(request, e)
  File "C:\Users\ASUS\Downloads\vs code\.vscode\Coffee'n me\.venv\Lib\site-packages\django\utils\decorators.py", line 186, in _view_wrapper
    response = view_func(request, *args, **kwargs)
  File "C:\Users\ASUS\Downloads\vs code\.vscode\Coffee'n me\.venv\Lib\site-packages\django\contrib\admin\options.py", line 1804, in changeform_view
    return self._changeform_view(request, object_id, form_url, extra_context)
           ~~~~~~~~~~~~~~~~~~~~~^^^^^^^^^^^^^^^^^^^^^^^^^^^^^^^^^^^^^^^^^^^^^
  File "C:\Users\ASUS\Downloads\vs code\.vscode\Coffee'n me\.venv\Lib\site-packages\django\contrib\admin\options.py", line 1885, in _changeform_view
    admin_form = helpers.AdminForm(
        form,
    ...<8 lines>...
        model_admin=self,
    )
  File "C:\Users\ASUS\Downloads\vs code\.vscode\Coffee'n me\.venv\Lib\site-packages\django\contrib\admin\helpers.py", line 50, in __init__
    {"field": form[field_name], "dependencies": [form[f] for f in dependencies]}
              ~~~~^^^^^^^^^^^^
  File "C:\Users\ASUS\Downloads\vs code\.vscode\Coffee'n me\.venv\Lib\site-packages\django\forms\forms.py", line 176, in __getitem__
    raise KeyError(
    ...<6 lines>...
    )
KeyError: "Key 'slug' not found in 'PostForm'. Choices are: author, category, content, excerpt, featured_image, is_featured, meta_description, meta_keywords, status, tags, title."
ERROR 2025-12-01 18:55:48,879 basehttp "GET /admin/blog/post/add/ HTTP/1.1" 500 145230
INFO 2025-12-01 18:58:54,747 autoreload C:\Users\ASUS\Downloads\vs code\.vscode\Coffee'n me\Backend\coffeeme_project\blog\admin.py changed, reloading.
INFO 2025-12-01 18:58:57,290 autoreload Watching for file changes with StatReloader
INFO 2025-12-01 19:07:05,921 autoreload Watching for file changes with StatReloader
INFO 2025-12-01 19:07:16,741 basehttp "GET /admin/ HTTP/1.1" 200 8984
INFO 2025-12-01 19:07:20,472 basehttp "GET /admin/blog/post/add/ HTTP/1.1" 200 24110
INFO 2025-12-01 19:07:20,580 basehttp "GET /admin/jsi18n/ HTTP/1.1" 200 3342
INFO 2025-12-01 19:07:21,070 basehttp "GET /static/admin/js/collapse.js HTTP/1.1" 200 1803
INFO 2025-12-01 19:07:21,071 basehttp "GET /static/admin/js/inlines.js HTTP/1.1" 200 15526
INFO 2025-12-01 19:07:47,891 basehttp "GET /static/admin/img/inline-delete.svg HTTP/1.1" 200 560
INFO 2025-12-01 19:08:27,282 basehttp "GET /admin/auth/user/1/change/?_to_field=id&_popup=1 HTTP/1.1" 200 18841
INFO 2025-12-01 19:08:27,383 basehttp "GET /admin/jsi18n/ HTTP/1.1" 200 3342
INFO 2025-12-01 19:08:27,518 basehttp "GET /static/admin/js/calendar.js HTTP/1.1" 200 9141
INFO 2025-12-01 19:08:27,550 basehttp "GET /static/admin/js/SelectFilter2.js HTTP/1.1" 200 15492
INFO 2025-12-01 19:08:27,651 basehttp "GET /static/admin/js/admin/DateTimeShortcuts.js HTTP/1.1" 200 19319
INFO 2025-12-01 19:08:27,966 basehttp "GET /static/admin/js/SelectBox.js HTTP/1.1" 200 4530
INFO 2025-12-01 19:08:28,089 basehttp "GET /static/admin/img/icon-clock.svg HTTP/1.1" 200 677
INFO 2025-12-01 19:08:28,157 basehttp "GET /static/admin/img/icon-calendar.svg HTTP/1.1" 200 1086
INFO 2025-12-01 19:08:28,368 basehttp "GET /static/admin/img/selector-icons.svg HTTP/1.1" 200 3291
INFO 2025-12-03 17:44:45,530 autoreload Watching for file changes with StatReloader
INFO 2025-12-03 17:46:07,821 autoreload Watching for file changes with StatReloader
INFO 2025-12-03 17:46:27,791 basehttp "GET /api/home/ HTTP/1.1" 200 146
INFO 2025-12-03 17:46:35,530 basehttp "GET /api/posts/? HTTP/1.1" 200 52
INFO 2025-12-03 17:46:41,495 basehttp "GET /api/categories/ HTTP/1.1" 200 52
INFO 2025-12-03 17:46:51,693 basehttp "GET /api/categories/ HTTP/1.1" 200 52
INFO 2025-12-03 17:46:52,966 basehttp "GET /api/posts/? HTTP/1.1" 200 52
INFO 2025-12-03 17:46:53,994 basehttp "GET /api/home/ HTTP/1.1" 200 146
INFO 2025-12-03 17:56:12,395 basehttp "GET /api/home/ HTTP/1.1" 200 146
INFO 2025-12-03 18:01:18,458 autoreload Watching for file changes with StatReloader
INFO 2025-12-03 18:01:32,265 basehttp "GET /api/home/ HTTP/1.1" 200 146
INFO 2025-12-03 18:01:39,300 basehttp "GET /api/posts/? HTTP/1.1" 200 52
INFO 2025-12-03 18:01:49,070 basehttp "GET /api/posts/?category_slug=lifestyle HTTP/1.1" 200 52
INFO 2025-12-03 18:02:04,762 basehttp "GET /admin/ HTTP/1.1" 200 8984
INFO 2025-12-03 18:02:04,855 basehttp "GET /static/admin/css/base.css HTTP/1.1" 304 0
INFO 2025-12-03 18:02:04,873 basehttp "GET /static/admin/css/responsive.css HTTP/1.1" 304 0
INFO 2025-12-03 18:02:04,882 basehttp "GET /static/admin/css/dashboard.css HTTP/1.1" 304 0
INFO 2025-12-03 18:02:04,883 basehttp "GET /static/admin/css/nav_sidebar.css HTTP/1.1" 304 0
INFO 2025-12-03 18:02:04,901 basehttp "GET /static/admin/js/nav_sidebar.js HTTP/1.1" 304 0
INFO 2025-12-03 18:02:04,912 basehttp "GET /static/admin/css/dark_mode.css HTTP/1.1" 304 0
INFO 2025-12-03 18:02:04,920 basehttp "GET /static/admin/js/theme.js HTTP/1.1" 304 0
INFO 2025-12-03 18:02:04,950 basehttp "GET /static/admin/img/icon-changelink.svg HTTP/1.1" 304 0
INFO 2025-12-03 18:02:04,954 basehttp "GET /static/admin/img/icon-addlink.svg HTTP/1.1" 304 0
WARNING 2025-12-03 18:02:05,756 log Not Found: /favicon.ico
WARNING 2025-12-03 18:02:05,757 basehttp "GET /favicon.ico HTTP/1.1" 404 2448
INFO 2025-12-03 18:02:15,052 basehttp "GET /admin/django_summernote/attachment/add/ HTTP/1.1" 200 11114
INFO 2025-12-03 18:02:15,118 basehttp "GET /static/admin/css/forms.css HTTP/1.1" 304 0
INFO 2025-12-03 18:02:15,145 basehttp "GET /static/admin/js/jquery.init.js HTTP/1.1" 304 0
INFO 2025-12-03 18:02:15,147 basehttp "GET /static/admin/js/urlify.js HTTP/1.1" 304 0
INFO 2025-12-03 18:02:15,147 basehttp "GET /static/admin/js/core.js HTTP/1.1" 304 0
INFO 2025-12-03 18:02:15,149 basehttp "GET /static/admin/js/vendor/jquery/jquery.js HTTP/1.1" 304 0
INFO 2025-12-03 18:02:15,149 basehttp "GET /static/admin/js/vendor/xregexp/xregexp.js HTTP/1.1" 304 0
INFO 2025-12-03 18:02:15,167 basehttp "GET /static/admin/css/widgets.css HTTP/1.1" 304 0
INFO 2025-12-03 18:02:15,171 basehttp "GET /static/admin/js/actions.js HTTP/1.1" 304 0
INFO 2025-12-03 18:02:15,183 basehttp "GET /static/admin/js/prepopulate.js HTTP/1.1" 304 0
INFO 2025-12-03 18:02:15,188 basehttp "GET /static/admin/js/admin/RelatedObjectLookups.js HTTP/1.1" 304 0
INFO 2025-12-03 18:02:15,190 basehttp "GET /static/admin/js/prepopulate_init.js HTTP/1.1" 304 0
INFO 2025-12-03 18:02:15,203 basehttp "GET /static/admin/js/change_form.js HTTP/1.1" 304 0
INFO 2025-12-03 18:02:15,284 basehttp "GET /admin/jsi18n/ HTTP/1.1" 200 3342
INFO 2025-12-03 18:03:10,320 basehttp "POST /admin/django_summernote/attachment/add/ HTTP/1.1" 302 0
INFO 2025-12-03 18:03:10,564 basehttp "GET /admin/django_summernote/attachment/ HTTP/1.1" 200 11868
INFO 2025-12-03 18:03:10,652 basehttp "GET /static/admin/img/search.svg HTTP/1.1" 304 0
INFO 2025-12-03 18:03:10,652 basehttp "GET /admin/jsi18n/ HTTP/1.1" 200 3342
INFO 2025-12-03 18:03:10,985 basehttp "GET /static/admin/css/changelists.css HTTP/1.1" 200 6811
INFO 2025-12-03 18:03:11,050 basehttp "GET /static/admin/js/filters.js HTTP/1.1" 200 978
INFO 2025-12-03 18:03:11,052 basehttp "GET /static/admin/img/tooltag-add.svg HTTP/1.1" 200 331
INFO 2025-12-03 18:03:11,110 basehttp "GET /static/admin/img/icon-yes.svg HTTP/1.1" 200 436
INFO 2025-12-03 18:03:30,497 basehttp "POST /admin/django_summernote/attachment/ HTTP/1.1" 200 9581
INFO 2025-12-03 18:03:30,643 basehttp "GET /static/admin/js/cancel.js HTTP/1.1" 200 884
INFO 2025-12-03 18:03:31,967 basehttp "POST /admin/django_summernote/attachment/ HTTP/1.1" 302 0
INFO 2025-12-03 18:03:31,991 basehttp "GET /admin/django_summernote/attachment/ HTTP/1.1" 200 9981
INFO 2025-12-03 18:03:32,056 basehttp "GET /admin/jsi18n/ HTTP/1.1" 200 3342
INFO 2025-12-03 18:03:37,105 basehttp "GET /admin/blog/post/add/ HTTP/1.1" 200 24110
INFO 2025-12-03 18:03:37,165 basehttp "GET /admin/jsi18n/ HTTP/1.1" 200 3342
INFO 2025-12-03 18:03:37,172 basehttp "GET /static/admin/js/inlines.js HTTP/1.1" 304 0
INFO 2025-12-03 18:03:37,174 basehttp "GET /static/admin/js/collapse.js HTTP/1.1" 304 0
INFO 2025-12-03 18:03:37,199 basehttp "GET /static/admin/img/icon-viewlink.svg HTTP/1.1" 304 0
INFO 2025-12-03 18:06:01,696 basehttp "GET /static/admin/img/inline-delete.svg HTTP/1.1" 304 0
INFO 2025-12-03 18:06:28,170 basehttp "POST /admin/blog/post/add/ HTTP/1.1" 302 0
INFO 2025-12-03 18:06:28,254 basehttp "GET /admin/blog/post/68454e48-cd64-41ac-8a4f-fe6063a41d3f/change/ HTTP/1.1" 200 25354
INFO 2025-12-03 18:06:28,382 basehttp "GET /admin/jsi18n/ HTTP/1.1" 200 3342
INFO 2025-12-03 18:06:28,543 basehttp "GET /media/blog_images/2025/12/Gemini_Generated_Image_ixt2fwixt2fwixt2.png HTTP/1.1" 200 1335390
INFO 2025-12-03 18:07:03,090 basehttp "GET /admin/blog/post/add/ HTTP/1.1" 200 24110
INFO 2025-12-03 18:07:03,149 basehttp "GET /admin/jsi18n/ HTTP/1.1" 200 3342
INFO 2025-12-03 18:07:17,048 basehttp "GET /admin/blog/ HTTP/1.1" 200 7086
INFO 2025-12-03 18:07:25,649 basehttp "GET /admin/blog/comment/add/ HTTP/1.1" 200 14944
INFO 2025-12-03 18:07:25,705 basehttp "GET /admin/jsi18n/ HTTP/1.1" 200 3342
INFO 2025-12-03 18:08:25,907 basehttp "POST /admin/blog/comment/add/ HTTP/1.1" 200 22538
INFO 2025-12-03 18:08:25,967 basehttp "GET /admin/jsi18n/ HTTP/1.1" 200 3342
INFO 2025-12-03 18:08:53,250 basehttp "POST /admin/blog/comment/add/ HTTP/1.1" 200 22466
INFO 2025-12-03 18:08:53,309 basehttp "GET /admin/jsi18n/ HTTP/1.1" 200 3342
WARNING 2025-12-03 18:09:00,427 log Not Found: /.well-known/appspecific/com.chrome.devtools.json
WARNING 2025-12-03 18:09:00,432 basehttp "GET /.well-known/appspecific/com.chrome.devtools.json HTTP/1.1" 404 2559
INFO 2025-12-03 18:09:00,447 basehttp - Broken pipe from ('127.0.0.1', 51153)
INFO 2025-12-03 18:09:22,427 basehttp "GET /admin/blog/post/?_to_field=id&_popup=1 HTTP/1.1" 200 10183
INFO 2025-12-03 18:09:22,580 basehttp "GET /static/admin/img/sorting-icons.svg HTTP/1.1" 200 1097
INFO 2025-12-03 18:09:41,129 basehttp "POST /admin/blog/comment/add/ HTTP/1.1" 302 0
INFO 2025-12-03 18:09:41,307 basehttp "GET /admin/blog/comment/ HTTP/1.1" 200 14646
INFO 2025-12-03 18:09:41,392 basehttp "GET /admin/jsi18n/ HTTP/1.1" 200 3342
INFO 2025-12-03 18:09:46,234 basehttp "POST /admin/blog/comment/ HTTP/1.1" 302 0
INFO 2025-12-03 18:09:46,280 basehttp "GET /admin/blog/comment/ HTTP/1.1" 200 14407
INFO 2025-12-03 18:09:46,341 basehttp "GET /admin/jsi18n/ HTTP/1.1" 200 3342
INFO 2025-12-03 18:09:53,535 basehttp "POST /admin/blog/comment/ HTTP/1.1" 302 0
INFO 2025-12-03 18:09:53,577 basehttp "GET /admin/blog/comment/ HTTP/1.1" 200 14407
INFO 2025-12-03 18:09:53,643 basehttp "GET /admin/jsi18n/ HTTP/1.1" 200 3342
INFO 2025-12-03 18:09:56,974 basehttp "GET /admin/blog/post/ HTTP/1.1" 200 16708
INFO 2025-12-03 18:09:57,028 basehttp "GET /admin/jsi18n/ HTTP/1.1" 200 3342
INFO 2025-12-03 18:10:02,111 basehttp "POST /admin/blog/post/ HTTP/1.1" 302 0
INFO 2025-12-03 18:10:02,174 basehttp "GET /admin/blog/post/ HTTP/1.1" 200 16869
INFO 2025-12-03 18:10:02,229 basehttp "GET /admin/jsi18n/ HTTP/1.1" 200 3342
INFO 2025-12-03 18:10:17,181 basehttp "GET /api/home/ HTTP/1.1" 200 9704
INFO 2025-12-03 18:10:17,829 basehttp "GET /media/blog_images/2025/12/Gemini_Generated_Image_ixt2fwixt2fwixt2.png HTTP/1.1" 200 1335390
INFO 2025-12-03 18:10:24,298 basehttp "GET /api/posts/68454e48-cd64-41ac-8a4f-fe6063a41d3f/ HTTP/1.1" 200 8348
INFO 2025-12-03 18:10:38,227 basehttp "GET /api/posts/? HTTP/1.1" 200 659
INFO 2025-12-03 18:11:01,522 basehttp "GET /api/posts/? HTTP/1.1" 200 659
INFO 2025-12-03 18:11:14,120 basehttp "POST /admin/blog/post/ HTTP/1.1" 302 0
INFO 2025-12-03 18:11:14,187 basehttp "GET /admin/blog/post/ HTTP/1.1" 200 16731
INFO 2025-12-03 18:11:14,264 basehttp "GET /admin/jsi18n/ HTTP/1.1" 200 3342
INFO 2025-12-03 18:11:21,323 basehttp "POST /admin/blog/post/ HTTP/1.1" 200 9714
INFO 2025-12-03 18:11:23,180 basehttp "POST /admin/blog/post/ HTTP/1.1" 302 0
INFO 2025-12-03 18:11:23,265 basehttp "GET /admin/blog/post/ HTTP/1.1" 200 13022
INFO 2025-12-03 18:11:23,323 basehttp "GET /admin/jsi18n/ HTTP/1.1" 200 3342
INFO 2025-12-03 18:11:31,572 basehttp "GET /api/posts/? HTTP/1.1" 200 52
INFO 2025-12-03 18:11:40,263 basehttp "GET /admin/blog/comment/ HTTP/1.1" 200 11597
INFO 2025-12-03 18:11:40,333 basehttp "GET /admin/jsi18n/ HTTP/1.1" 200 3342
INFO 2025-12-03 18:11:42,870 basehttp "GET /admin/blog/category/ HTTP/1.1" 200 9777
INFO 2025-12-03 18:11:42,932 basehttp "GET /admin/jsi18n/ HTTP/1.1" 200 3342
INFO 2025-12-03 18:11:44,893 basehttp "GET /admin/blog/bookmark/ HTTP/1.1" 200 10870
INFO 2025-12-03 18:11:44,952 basehttp "GET /admin/jsi18n/ HTTP/1.1" 200 3342
INFO 2025-12-03 18:11:47,951 basehttp "GET /admin/blog/like/ HTTP/1.1" 200 10842
INFO 2025-12-03 18:11:48,002 basehttp "GET /admin/jsi18n/ HTTP/1.1" 200 3342
INFO 2025-12-03 18:11:49,257 basehttp "GET /admin/blog/post/ HTTP/1.1" 200 12888
INFO 2025-12-03 18:11:49,320 basehttp "GET /admin/jsi18n/ HTTP/1.1" 200 3342
INFO 2025-12-03 18:11:50,719 basehttp "GET /admin/blog/tag/ HTTP/1.1" 200 9740
INFO 2025-12-03 18:11:50,780 basehttp "GET /admin/jsi18n/ HTTP/1.1" 200 3342
INFO 2025-12-03 18:11:52,990 basehttp "GET /admin/blog/bookmark/ HTTP/1.1" 200 10870
INFO 2025-12-03 18:11:53,051 basehttp "GET /admin/jsi18n/ HTTP/1.1" 200 3342
INFO 2025-12-03 18:11:57,522 basehttp "GET /admin/blog/bookmark/ HTTP/1.1" 200 10870
INFO 2025-12-03 18:11:57,591 basehttp "GET /admin/jsi18n/ HTTP/1.1" 200 3342
INFO 2025-12-03 18:44:23,557 basehttp - Broken pipe from ('127.0.0.1', 58884)
INFO 2025-12-03 18:44:23,567 basehttp "GET /admin/blog/category/add/ HTTP/1.1" 200 13569
INFO 2025-12-03 18:44:24,928 basehttp "GET /admin/jsi18n/ HTTP/1.1" 200 3342
INFO 2025-12-03 18:45:55,910 basehttp "POST /admin/blog/category/add/ HTTP/1.1" 302 0
INFO 2025-12-03 18:45:56,196 basehttp "GET /admin/blog/category/ HTTP/1.1" 200 12239
INFO 2025-12-03 18:45:56,685 basehttp "GET /admin/jsi18n/ HTTP/1.1" 200 3342
INFO 2025-12-03 18:46:05,251 basehttp "GET /admin/blog/comment/ HTTP/1.1" 200 11597
INFO 2025-12-03 18:46:05,318 basehttp "GET /admin/jsi18n/ HTTP/1.1" 200 3342
INFO 2025-12-03 18:46:08,286 basehttp "GET /admin/blog/like/ HTTP/1.1" 200 10842
INFO 2025-12-03 18:46:08,336 basehttp "GET /admin/jsi18n/ HTTP/1.1" 200 3342
INFO 2025-12-03 18:46:10,668 basehttp "GET /admin/blog/comment/add/ HTTP/1.1" 200 14944
INFO 2025-12-03 18:46:10,725 basehttp "GET /admin/jsi18n/ HTTP/1.1" 200 3342
INFO 2025-12-03 18:46:44,224 basehttp "GET /admin/blog/comment/?_to_field=id&_popup=1 HTTP/1.1" 200 5806
INFO 2025-12-03 18:46:52,931 basehttp "GET /admin/blog/comment/add/?_changelist_filters=_to_field%3Did%26_popup%3D1&_popup=1&_to_field=id HTTP/1.1" 200 9162
INFO 2025-12-03 18:46:53,298 basehttp "GET /admin/jsi18n/ HTTP/1.1" 200 3342
INFO 2025-12-03 18:47:01,176 basehttp "POST /admin/blog/comment/add/ HTTP/1.1" 200 22538
INFO 2025-12-03 18:47:01,240 basehttp "GET /admin/jsi18n/ HTTP/1.1" 200 3342
INFO 2025-12-03 18:47:20,110 basehttp "GET /admin/blog/post/add/ HTTP/1.1" 200 24110
INFO 2025-12-03 18:47:20,196 basehttp "GET /admin/jsi18n/ HTTP/1.1" 200 3342
ERROR 2025-12-03 18:48:31,837 log Internal Server Error: /admin/blog/post/add/
Traceback (most recent call last):
  File "C:\Users\ASUS\Downloads\vs code\.vscode\Coffee'n me\.venv\Lib\site-packages\django\db\backends\utils.py", line 105, in _execute
    return self.cursor.execute(sql, params)
           ~~~~~~~~~~~~~~~~~~~^^^^^^^^^^^^^
  File "C:\Users\ASUS\Downloads\vs code\.vscode\Coffee'n me\.venv\Lib\site-packages\django\db\backends\sqlite3\base.py", line 329, in execute
    return super().execute(query, params)
           ~~~~~~~~~~~~~~~^^^^^^^^^^^^^^^
sqlite3.IntegrityError: NOT NULL constraint failed: blog_comment.author_id

The above exception was the direct cause of the following exception:

Traceback (most recent call last):
  File "C:\Users\ASUS\Downloads\vs code\.vscode\Coffee'n me\.venv\Lib\site-packages\django\core\handlers\exception.py", line 55, in inner
    response = get_response(request)
  File "C:\Users\ASUS\Downloads\vs code\.vscode\Coffee'n me\.venv\Lib\site-packages\django\core\handlers\base.py", line 197, in _get_response
    response = wrapped_callback(request, *callback_args, **callback_kwargs)
  File "C:\Users\ASUS\Downloads\vs code\.vscode\Coffee'n me\.venv\Lib\site-packages\django\contrib\admin\options.py", line 716, in wrapper
    return self.admin_site.admin_view(view)(*args, **kwargs)
           ~~~~~~~~~~~~~~~~~~~~~~~~~~~~~~~~^^^^^^^^^^^^^^^^^
  File "C:\Users\ASUS\Downloads\vs code\.vscode\Coffee'n me\.venv\Lib\site-packages\django\utils\decorators.py", line 188, in _view_wrapper
    result = _process_exception(request, e)
  File "C:\Users\ASUS\Downloads\vs code\.vscode\Coffee'n me\.venv\Lib\site-packages\django\utils\decorators.py", line 186, in _view_wrapper
    response = view_func(request, *args, **kwargs)
  File "C:\Users\ASUS\Downloads\vs code\.vscode\Coffee'n me\.venv\Lib\site-packages\django\views\decorators\cache.py", line 80, in _view_wrapper
    response = view_func(request, *args, **kwargs)
  File "C:\Users\ASUS\Downloads\vs code\.vscode\Coffee'n me\.venv\Lib\site-packages\django\contrib\admin\sites.py", line 240, in inner
    return view(request, *args, **kwargs)
  File "C:\Users\ASUS\Downloads\vs code\.vscode\Coffee'n me\.venv\Lib\site-packages\django\contrib\admin\options.py", line 1945, in add_view
    return self.changeform_view(request, None, form_url, extra_context)
           ~~~~~~~~~~~~~~~~~~~~^^^^^^^^^^^^^^^^^^^^^^^^^^^^^^^^^^^^^^^^
  File "C:\Users\ASUS\Downloads\vs code\.vscode\Coffee'n me\.venv\Lib\site-packages\django\utils\decorators.py", line 48, in _wrapper
    return bound_method(*args, **kwargs)
  File "C:\Users\ASUS\Downloads\vs code\.vscode\Coffee'n me\.venv\Lib\site-packages\django\utils\decorators.py", line 188, in _view_wrapper
    result = _process_exception(request, e)
  File "C:\Users\ASUS\Downloads\vs code\.vscode\Coffee'n me\.venv\Lib\site-packages\django\utils\decorators.py", line 186, in _view_wrapper
    response = view_func(request, *args, **kwargs)
  File "C:\Users\ASUS\Downloads\vs code\.vscode\Coffee'n me\.venv\Lib\site-packages\django\contrib\admin\options.py", line 1804, in changeform_view
    return self._changeform_view(request, object_id, form_url, extra_context)
           ~~~~~~~~~~~~~~~~~~~~~^^^^^^^^^^^^^^^^^^^^^^^^^^^^^^^^^^^^^^^^^^^^^
  File "C:\Users\ASUS\Downloads\vs code\.vscode\Coffee'n me\.venv\Lib\site-packages\django\contrib\admin\options.py", line 1856, in _changeform_view
    self.save_related(request, form, formsets, not add)
    ~~~~~~~~~~~~~~~~~^^^^^^^^^^^^^^^^^^^^^^^^^^^^^^^^^^
  File "C:\Users\ASUS\Downloads\vs code\.vscode\Coffee'n me\.venv\Lib\site-packages\django\contrib\admin\options.py", line 1287, in save_related
    self.save_formset(request, form, formset, change=change)
    ~~~~~~~~~~~~~~~~~^^^^^^^^^^^^^^^^^^^^^^^^^^^^^^^^^^^^^^^
  File "C:\Users\ASUS\Downloads\vs code\.vscode\Coffee'n me\.venv\Lib\site-packages\django\contrib\admin\options.py", line 1275, in save_formset
    formset.save()
    ~~~~~~~~~~~~^^
  File "C:\Users\ASUS\Downloads\vs code\.vscode\Coffee'n me\.venv\Lib\site-packages\django\forms\models.py", line 794, in save
    return self.save_existing_objects(commit) + self.save_new_objects(commit)
                                                ~~~~~~~~~~~~~~~~~~~~~^^^^^^^^
  File "C:\Users\ASUS\Downloads\vs code\.vscode\Coffee'n me\.venv\Lib\site-packages\django\forms\models.py", line 957, in save_new_objects
    self.new_objects.append(self.save_new(form, commit=commit))
                            ~~~~~~~~~~~~~^^^^^^^^^^^^^^^^^^^^^
  File "C:\Users\ASUS\Downloads\vs code\.vscode\Coffee'n me\.venv\Lib\site-packages\django\forms\models.py", line 1155, in save_new
    return super().save_new(form, commit=commit)
           ~~~~~~~~~~~~~~~~^^^^^^^^^^^^^^^^^^^^^
  File "C:\Users\ASUS\Downloads\vs code\.vscode\Coffee'n me\.venv\Lib\site-packages\django\forms\models.py", line 767, in save_new
    return form.save(commit=commit)
           ~~~~~~~~~^^^^^^^^^^^^^^^
  File "C:\Users\ASUS\Downloads\vs code\.vscode\Coffee'n me\.venv\Lib\site-packages\django\forms\models.py", line 552, in save
    self.instance.save()
    ~~~~~~~~~~~~~~~~~~^^
  File "C:\Users\ASUS\Downloads\vs code\.vscode\Coffee'n me\.venv\Lib\site-packages\django\db\models\base.py", line 822, in save
    self.save_base(
    ~~~~~~~~~~~~~~^
        using=using,
        ^^^^^^^^^^^^
    ...<2 lines>...
        update_fields=update_fields,
        ^^^^^^^^^^^^^^^^^^^^^^^^^^^^
    )
    ^
  File "C:\Users\ASUS\Downloads\vs code\.vscode\Coffee'n me\.venv\Lib\site-packages\django\db\models\base.py", line 909, in save_base
    updated = self._save_table(
        raw,
    ...<4 lines>...
        update_fields,
    )
  File "C:\Users\ASUS\Downloads\vs code\.vscode\Coffee'n me\.venv\Lib\site-packages\django\db\models\base.py", line 1071, in _save_table
    results = self._do_insert(
        cls._base_manager, using, fields, returning_fields, raw
    )
  File "C:\Users\ASUS\Downloads\vs code\.vscode\Coffee'n me\.venv\Lib\site-packages\django\db\models\base.py", line 1112, in _do_insert
    return manager._insert(
           ~~~~~~~~~~~~~~~^
        [self],
        ^^^^^^^
    ...<3 lines>...
        raw=raw,
        ^^^^^^^^
    )
    ^
  File "C:\Users\ASUS\Downloads\vs code\.vscode\Coffee'n me\.venv\Lib\site-packages\django\db\models\manager.py", line 87, in manager_method
    return getattr(self.get_queryset(), name)(*args, **kwargs)
           ~~~~~~~~~~~~~~~~~~~~~~~~~~~~~~~~~~^^^^^^^^^^^^^^^^^
  File "C:\Users\ASUS\Downloads\vs code\.vscode\Coffee'n me\.venv\Lib\site-packages\django\db\models\query.py", line 1847, in _insert
    return query.get_compiler(using=using).execute_sql(returning_fields)
           ~~~~~~~~~~~~~~~~~~~~~~~~~~~~~~~~~~~~~~~~~~~^^^^^^^^^^^^^^^^^^
  File "C:\Users\ASUS\Downloads\vs code\.vscode\Coffee'n me\.venv\Lib\site-packages\django\db\models\sql\compiler.py", line 1823, in execute_sql
    cursor.execute(sql, params)
    ~~~~~~~~~~~~~~^^^^^^^^^^^^^
  File "C:\Users\ASUS\Downloads\vs code\.vscode\Coffee'n me\.venv\Lib\site-packages\django\db\backends\utils.py", line 122, in execute
    return super().execute(sql, params)
           ~~~~~~~~~~~~~~~^^^^^^^^^^^^^
  File "C:\Users\ASUS\Downloads\vs code\.vscode\Coffee'n me\.venv\Lib\site-packages\django\db\backends\utils.py", line 79, in execute
    return self._execute_with_wrappers(
           ~~~~~~~~~~~~~~~~~~~~~~~~~~~^
        sql, params, many=False, executor=self._execute
        ^^^^^^^^^^^^^^^^^^^^^^^^^^^^^^^^^^^^^^^^^^^^^^^
    )
    ^
  File "C:\Users\ASUS\Downloads\vs code\.vscode\Coffee'n me\.venv\Lib\site-packages\django\db\backends\utils.py", line 92, in _execute_with_wrappers
    return executor(sql, params, many, context)
  File "C:\Users\ASUS\Downloads\vs code\.vscode\Coffee'n me\.venv\Lib\site-packages\django\db\backends\utils.py", line 100, in _execute
    with self.db.wrap_database_errors:
         ^^^^^^^^^^^^^^^^^^^^^^^^^^^^
  File "C:\Users\ASUS\Downloads\vs code\.vscode\Coffee'n me\.venv\Lib\site-packages\django\db\utils.py", line 91, in __exit__
    raise dj_exc_value.with_traceback(traceback) from exc_value
  File "C:\Users\ASUS\Downloads\vs code\.vscode\Coffee'n me\.venv\Lib\site-packages\django\db\backends\utils.py", line 105, in _execute
    return self.cursor.execute(sql, params)
           ~~~~~~~~~~~~~~~~~~~^^^^^^^^^^^^^
  File "C:\Users\ASUS\Downloads\vs code\.vscode\Coffee'n me\.venv\Lib\site-packages\django\db\backends\sqlite3\base.py", line 329, in execute
    return super().execute(query, params)
           ~~~~~~~~~~~~~~~^^^^^^^^^^^^^^^
django.db.utils.IntegrityError: NOT NULL constraint failed: blog_comment.author_id
ERROR 2025-12-03 18:48:31,980 basehttp "POST /admin/blog/post/add/ HTTP/1.1" 500 301629
INFO 2025-12-03 18:49:13,520 basehttp "GET /api/posts/? HTTP/1.1" 200 52
INFO 2025-12-03 18:49:17,731 basehttp "GET /api/home/ HTTP/1.1" 200 146
INFO 2025-12-03 18:50:08,284 basehttp "GET /admin/blog/post/add/ HTTP/1.1" 200 24110
INFO 2025-12-03 18:51:04,424 autoreload C:\Users\ASUS\Downloads\vs code\.vscode\Coffee'n me\Backend\coffeeme_project\blog\admin.py changed, reloading.
INFO 2025-12-03 18:51:07,369 autoreload Watching for file changes with StatReloader
INFO 2025-12-03 18:52:22,667 basehttp "POST /admin/blog/post/add/ HTTP/1.1" 302 0
INFO 2025-12-03 18:52:23,058 basehttp "GET /admin/blog/post/ HTTP/1.1" 200 17381
INFO 2025-12-03 18:52:23,189 basehttp "GET /admin/jsi18n/ HTTP/1.1" 200 3342
INFO 2025-12-03 18:52:36,077 basehttp "POST /admin/blog/post/ HTTP/1.1" 302 0
INFO 2025-12-03 18:52:36,124 basehttp "GET /admin/blog/post/ HTTP/1.1" 200 17257
INFO 2025-12-03 18:52:36,188 basehttp "GET /admin/jsi18n/ HTTP/1.1" 200 3342
INFO 2025-12-03 18:52:43,531 basehttp "GET /api/posts/? HTTP/1.1" 200 735
INFO 2025-12-03 18:52:53,875 basehttp "POST /admin/blog/post/ HTTP/1.1" 302 0
INFO 2025-12-03 18:52:53,925 basehttp "GET /admin/blog/post/ HTTP/1.1" 200 17265
INFO 2025-12-03 18:52:53,998 basehttp "GET /admin/jsi18n/ HTTP/1.1" 200 3342
INFO 2025-12-03 18:52:58,906 basehttp "POST /admin/blog/post/ HTTP/1.1" 302 0
INFO 2025-12-03 18:52:58,950 basehttp "GET /admin/blog/post/ HTTP/1.1" 200 17127
INFO 2025-12-03 18:52:59,008 basehttp "GET /admin/jsi18n/ HTTP/1.1" 200 3342
INFO 2025-12-03 18:53:02,328 basehttp "POST /admin/blog/post/ HTTP/1.1" 302 0
INFO 2025-12-03 18:53:02,386 basehttp "GET /admin/blog/post/ HTTP/1.1" 200 17127
INFO 2025-12-03 18:53:02,448 basehttp "GET /admin/jsi18n/ HTTP/1.1" 200 3342
INFO 2025-12-03 18:53:10,355 basehttp "GET /api/posts/? HTTP/1.1" 200 734
INFO 2025-12-03 18:54:14,841 basehttp "GET /api/posts/? HTTP/1.1" 200 734
INFO 2025-12-03 18:54:16,000 basehttp "GET /media/blog_images/2025/12/jolly_roger_of_red_hair_pirates_f7stA4P.jpg HTTP/1.1" 200 14174
INFO 2025-12-03 18:54:57,973 basehttp "GET /api/posts/cbebbe1c-b4f2-491e-a6f0-28785192f0ed/ HTTP/1.1" 200 8448
INFO 2025-12-03 18:58:27,950 basehttp "GET /admin/blog/bookmark/ HTTP/1.1" 200 10870
INFO 2025-12-03 18:58:28,340 basehttp "GET /admin/jsi18n/ HTTP/1.1" 200 3342
INFO 2025-12-03 18:58:34,514 basehttp "GET /admin/django_summernote/attachment/ HTTP/1.1" 200 9841
INFO 2025-12-03 18:58:34,594 basehttp "GET /admin/jsi18n/ HTTP/1.1" 200 3342
INFO 2025-12-03 18:58:36,628 basehttp "GET /admin/django_summernote/attachment/add/ HTTP/1.1" 200 11114
INFO 2025-12-03 18:58:36,696 basehttp "GET /admin/jsi18n/ HTTP/1.1" 200 3342
INFO 2025-12-03 18:58:41,153 basehttp "POST /admin/django_summernote/attachment/add/ HTTP/1.1" 200 11277
INFO 2025-12-03 18:58:41,231 basehttp "GET /admin/jsi18n/ HTTP/1.1" 200 3342
INFO 2025-12-03 18:58:44,935 basehttp "GET /admin/django_summernote/attachment/add/ HTTP/1.1" 200 11114
INFO 2025-12-03 18:58:45,688 basehttp "GET /admin/django_summernote/attachment/ HTTP/1.1" 200 9841
INFO 2025-12-03 18:58:46,618 basehttp "GET /admin/blog/bookmark/ HTTP/1.1" 200 10870
INFO 2025-12-03 18:58:47,324 basehttp "GET /admin/blog/post/ HTTP/1.1" 200 17127
INFO 2025-12-03 18:58:48,188 basehttp "GET /admin/blog/post/ HTTP/1.1" 200 17127
INFO 2025-12-03 18:58:54,154 basehttp "GET /admin/ HTTP/1.1" 200 12800
INFO 2025-12-03 18:58:54,433 basehttp "GET /static/admin/img/icon-deletelink.svg HTTP/1.1" 200 392
INFO 2025-12-03 18:59:10,476 basehttp "GET /admin/blog/post/cbebbe1c-b4f2-491e-a6f0-28785192f0ed/change/ HTTP/1.1" 200 34294
INFO 2025-12-03 18:59:10,605 basehttp "GET /media/blog_images/2025/12/jolly_roger_of_red_hair_pirates_f7stA4P.jpg HTTP/1.1" 200 14174
INFO 2025-12-03 18:59:10,614 basehttp "GET /admin/jsi18n/ HTTP/1.1" 200 3342
INFO 2025-12-03 19:00:58,162 basehttp "GET /api/home/ HTTP/1.1" 200 9954
INFO 2025-12-03 19:00:58,557 basehttp "GET /media/blog_images/2025/12/jolly_roger_of_red_hair_pirates_f7stA4P.jpg HTTP/1.1" 304 0
INFO 2025-12-03 19:01:18,248 basehttp "POST /admin/blog/post/cbebbe1c-b4f2-491e-a6f0-28785192f0ed/change/ HTTP/1.1" 302 0
INFO 2025-12-03 19:01:18,325 basehttp "GET /admin/blog/post/ HTTP/1.1" 200 17413
INFO 2025-12-03 19:01:18,393 basehttp "GET /admin/jsi18n/ HTTP/1.1" 200 3342
INFO 2025-12-03 19:01:25,171 basehttp "GET /admin/blog/post/?o=3.-10 HTTP/1.1" 200 17870
INFO 2025-12-03 19:01:25,250 basehttp "GET /admin/jsi18n/ HTTP/1.1" 200 3342
INFO 2025-12-03 19:01:30,245 basehttp "GET /admin/blog/post/cbebbe1c-b4f2-491e-a6f0-28785192f0ed/change/?_changelist_filters=o%3D3.-10 HTTP/1.1" 200 34394
INFO 2025-12-03 19:01:30,309 basehttp "GET /media/blog_images/2025/12/jolly_roger_of_red_hair_pirates_f7stA4P.jpg HTTP/1.1" 304 0
INFO 2025-12-03 19:01:30,327 basehttp "GET /admin/jsi18n/ HTTP/1.1" 200 3342
INFO 2025-12-03 19:01:43,583 autoreload C:\Users\ASUS\Downloads\vs code\.vscode\Coffee'n me\Backend\coffeeme_project\blog\admin.py changed, reloading.
INFO 2025-12-03 19:01:47,935 autoreload Watching for file changes with StatReloader
INFO 2025-12-03 19:01:53,004 basehttp "GET /admin/blog/post/cbebbe1c-b4f2-491e-a6f0-28785192f0ed/delete/?_changelist_filters=o%3D3.-10 HTTP/1.1" 200 9804
INFO 2025-12-03 19:01:55,420 basehttp "POST /admin/blog/post/cbebbe1c-b4f2-491e-a6f0-28785192f0ed/delete/?_changelist_filters=o%3D3.-10 HTTP/1.1" 302 0
INFO 2025-12-03 19:01:55,626 basehttp "GET /admin/blog/post/?o=3.-10 HTTP/1.1" 200 13733
INFO 2025-12-03 19:01:55,718 basehttp "GET /admin/jsi18n/ HTTP/1.1" 200 3342
WARNING 2025-12-03 19:02:05,319 log Not Found: /
WARNING 2025-12-03 19:02:05,320 basehttp "GET / HTTP/1.1" 404 2397
INFO 2025-12-03 19:02:08,541 basehttp "GET /admin/blog/post/?o=3.-10 HTTP/1.1" 200 13523
INFO 2025-12-03 19:02:13,749 basehttp "GET /admin/auth/user/ HTTP/1.1" 200 13318
INFO 2025-12-03 19:02:13,832 basehttp "GET /admin/jsi18n/ HTTP/1.1" 200 3342
INFO 2025-12-03 19:02:22,782 basehttp "GET /admin/blog/tag/ HTTP/1.1" 200 9740
INFO 2025-12-03 19:02:22,884 basehttp "GET /admin/jsi18n/ HTTP/1.1" 200 3342
INFO 2025-12-03 19:02:25,130 basehttp "GET /admin/blog/post/ HTTP/1.1" 200 13192
INFO 2025-12-03 19:02:25,194 basehttp "GET /admin/jsi18n/ HTTP/1.1" 200 3342
INFO 2025-12-03 19:02:51,205 basehttp "GET /admin/blog/post/ HTTP/1.1" 200 13192
INFO 2025-12-03 19:02:51,270 basehttp "GET /admin/jsi18n/ HTTP/1.1" 200 3342
INFO 2025-12-03 19:02:54,388 basehttp "GET /admin/blog/post/add/ HTTP/1.1" 200 26680
INFO 2025-12-03 19:02:54,457 basehttp "GET /admin/jsi18n/ HTTP/1.1" 200 3342
INFO 2025-12-03 19:02:55,019 basehttp "GET /summernote/editor/id_content/ HTTP/1.1" 200 7170
INFO 2025-12-03 19:02:55,363 basehttp "GET /static/summernote/django_summernote.css HTTP/1.1" 200 126
INFO 2025-12-03 19:02:55,363 basehttp "GET /static/summernote/summernote-bs4.min.css HTTP/1.1" 200 19513
INFO 2025-12-03 19:02:55,488 basehttp "GET /static/summernote/ResizeSensor.js HTTP/1.1" 200 7678
INFO 2025-12-03 19:02:55,489 basehttp "GET /static/summernote/jquery.ui.widget.js HTTP/1.1" 200 22757
INFO 2025-12-03 19:02:55,490 basehttp "GET /static/summernote/jquery.fileupload.js HTTP/1.1" 200 64780
INFO 2025-12-03 19:02:55,497 basehttp "GET /static/summernote/summernote-bs4.min.js HTTP/1.1" 200 153033
INFO 2025-12-03 19:02:55,551 basehttp "GET /static/summernote/jquery.iframe-transport.js HTTP/1.1" 200 10891
INFO 2025-12-03 19:02:56,212 basehttp "GET /static/summernote/lang/summernote-en-US.min.js?_=1764768775798 HTTP/1.1" 200 4607
INFO 2025-12-03 19:02:56,519 basehttp "GET /static/summernote/font/summernote.woff2 HTTP/1.1" 200 6948
INFO 2025-12-03 19:04:01,309 basehttp "POST /admin/blog/post/add/ HTTP/1.1" 302 0
INFO 2025-12-03 19:04:01,409 basehttp "GET /admin/blog/post/5830e0a3-91bc-4197-8911-f1f29fb75317/change/ HTTP/1.1" 200 41727
INFO 2025-12-03 19:04:01,546 basehttp "GET /admin/jsi18n/ HTTP/1.1" 200 3342
INFO 2025-12-03 19:04:01,638 basehttp "GET /summernote/editor/id_content/ HTTP/1.1" 200 7170
INFO 2025-12-03 19:04:01,768 basehttp "GET /static/summernote/lang/summernote-en-US.min.js?_=1764768841692 HTTP/1.1" 200 4607
INFO 2025-12-03 19:04:01,816 basehttp "GET /media/blog_images/2025/12/one_piece.jpg HTTP/1.1" 200 720525
INFO 2025-12-03 19:05:36,148 basehttp "POST /admin/blog/post/5830e0a3-91bc-4197-8911-f1f29fb75317/change/ HTTP/1.1" 302 0
INFO 2025-12-03 19:05:36,211 basehttp "GET /admin/blog/post/5830e0a3-91bc-4197-8911-f1f29fb75317/change/ HTTP/1.1" 200 41726
INFO 2025-12-03 19:05:36,290 basehttp "GET /media/blog_images/2025/12/one_piece.jpg HTTP/1.1" 304 0
INFO 2025-12-03 19:05:36,300 basehttp "GET /admin/jsi18n/ HTTP/1.1" 200 3342
INFO 2025-12-03 19:05:36,380 basehttp "GET /summernote/editor/id_content/ HTTP/1.1" 200 7170
INFO 2025-12-03 19:05:36,464 basehttp "GET /static/summernote/lang/summernote-en-US.min.js?_=1764768936423 HTTP/1.1" 200 4607
INFO 2025-12-03 19:05:42,383 basehttp "POST /admin/blog/post/5830e0a3-91bc-4197-8911-f1f29fb75317/change/ HTTP/1.1" 302 0
INFO 2025-12-03 19:05:42,457 basehttp "GET /admin/blog/post/ HTTP/1.1" 200 17413
INFO 2025-12-03 19:05:42,524 basehttp "GET /admin/jsi18n/ HTTP/1.1" 200 3342
INFO 2025-12-03 19:05:48,504 basehttp "POST /admin/blog/post/ HTTP/1.1" 302 0
INFO 2025-12-03 19:05:48,548 basehttp "GET /admin/blog/post/ HTTP/1.1" 200 17127
INFO 2025-12-03 19:05:48,610 basehttp "GET /admin/jsi18n/ HTTP/1.1" 200 3342
INFO 2025-12-03 19:05:58,063 basehttp "GET /api/home/ HTTP/1.1" 200 14078
INFO 2025-12-03 19:05:58,535 basehttp "GET /media/blog_images/2025/12/one_piece.jpg HTTP/1.1" 200 720525
INFO 2025-12-03 19:06:05,977 basehttp "GET /api/posts/5830e0a3-91bc-4197-8911-f1f29fb75317/ HTTP/1.1" 200 12128
INFO 2025-12-03 19:06:30,883 basehttp "GET /admin/blog/category/ HTTP/1.1" 200 12035
INFO 2025-12-03 19:06:30,950 basehttp "GET /admin/jsi18n/ HTTP/1.1" 200 3342
INFO 2025-12-03 19:06:45,834 basehttp "GET /admin/blog/category/1/change/ HTTP/1.1" 200 13906
INFO 2025-12-03 19:06:45,887 basehttp "GET /admin/jsi18n/ HTTP/1.1" 200 3342
INFO 2025-12-03 19:06:51,726 basehttp "POST /admin/blog/category/1/change/ HTTP/1.1" 302 0
INFO 2025-12-03 19:06:51,762 basehttp "GET /admin/blog/category/1/change/ HTTP/1.1" 200 14141
INFO 2025-12-03 19:06:51,821 basehttp "GET /admin/jsi18n/ HTTP/1.1" 200 3342
INFO 2025-12-03 19:06:53,937 basehttp "POST /admin/blog/category/1/change/ HTTP/1.1" 302 0
INFO 2025-12-03 19:06:53,962 basehttp "GET /admin/blog/category/1/change/ HTTP/1.1" 200 14141
INFO 2025-12-03 19:06:54,027 basehttp "GET /admin/jsi18n/ HTTP/1.1" 200 3342
INFO 2025-12-03 19:06:56,785 basehttp "GET /admin/blog/comment/ HTTP/1.1" 200 11597
INFO 2025-12-03 19:06:56,846 basehttp "GET /admin/jsi18n/ HTTP/1.1" 200 3342
INFO 2025-12-03 19:07:00,037 basehttp "GET /admin/blog/post/ HTTP/1.1" 200 17127
INFO 2025-12-03 19:07:00,095 basehttp "GET /admin/jsi18n/ HTTP/1.1" 200 3342
INFO 2025-12-03 19:07:04,839 basehttp "GET /admin/blog/post/?o=3.-10 HTTP/1.1" 200 17870
INFO 2025-12-03 19:07:04,891 basehttp "GET /admin/jsi18n/ HTTP/1.1" 200 3342
INFO 2025-12-03 19:07:09,931 basehttp "GET /admin/blog/post/5830e0a3-91bc-4197-8911-f1f29fb75317/change/?_changelist_filters=o%3D3.-10 HTTP/1.1" 200 41511
INFO 2025-12-03 19:07:09,985 basehttp "GET /media/blog_images/2025/12/one_piece.jpg HTTP/1.1" 304 0
INFO 2025-12-03 19:07:10,005 basehttp "GET /admin/jsi18n/ HTTP/1.1" 200 3342
INFO 2025-12-03 19:07:10,037 basehttp "GET /summernote/editor/id_content/ HTTP/1.1" 200 7170
INFO 2025-12-03 19:07:10,138 basehttp "GET /static/summernote/lang/summernote-en-US.min.js?_=1764769030104 HTTP/1.1" 200 4607
INFO 2025-12-03 19:07:24,703 basehttp "POST /admin/blog/post/5830e0a3-91bc-4197-8911-f1f29fb75317/change/?_changelist_filters=o%3D3.-10 HTTP/1.1" 302 0
INFO 2025-12-03 19:07:24,751 basehttp "GET /admin/blog/post/add/?_changelist_filters=o%3D3.-10 HTTP/1.1" 200 27038
INFO 2025-12-03 19:07:24,818 basehttp "GET /admin/jsi18n/ HTTP/1.1" 200 3342
INFO 2025-12-03 19:07:24,853 basehttp "GET /summernote/editor/id_content/ HTTP/1.1" 200 7170
INFO 2025-12-03 19:07:24,957 basehttp "GET /static/summernote/lang/summernote-en-US.min.js?_=1764769044931 HTTP/1.1" 200 4607
INFO 2025-12-03 19:10:43,949 basehttp "GET /api/posts/? HTTP/1.1" 200 956
INFO 2025-12-03 19:10:48,136 basehttp "GET /api/posts/?category_slug=lifestyle HTTP/1.1" 200 52
INFO 2025-12-03 19:10:51,474 basehttp "GET /api/posts/? HTTP/1.1" 200 956
INFO 2025-12-03 19:10:55,668 basehttp "GET /api/categories/ HTTP/1.1" 200 176
INFO 2025-12-03 19:11:05,081 basehttp "GET /api/home/ HTTP/1.1" 200 14078
INFO 2025-12-03 19:13:34,627 basehttp "POST /admin/blog/post/add/?_changelist_filters=o%3D3.-10 HTTP/1.1" 200 52355
WARNING 2025-12-03 19:13:34,795 log Not Found: /media/jolly roger of red hair pirates.jpg
INFO 2025-12-03 19:13:34,829 basehttp "GET /admin/jsi18n/ HTTP/1.1" 200 3342
WARNING 2025-12-03 19:13:34,840 basehttp "GET /media/jolly%20roger%20of%20red%20hair%20pirates.jpg HTTP/1.1" 404 2821
INFO 2025-12-03 19:13:34,908 basehttp "GET /summernote/editor/id_content/ HTTP/1.1" 200 7170
INFO 2025-12-03 19:13:35,039 basehttp "GET /static/summernote/lang/summernote-en-US.min.js?_=1764769414968 HTTP/1.1" 200 4607
INFO 2025-12-03 19:14:29,883 basehttp "POST /admin/blog/post/add/?_changelist_filters=o%3D3.-10 HTTP/1.1" 200 52571
INFO 2025-12-03 19:14:30,015 basehttp "GET /admin/jsi18n/ HTTP/1.1" 200 3342
WARNING 2025-12-03 19:14:30,043 log Not Found: /media/jolly roger of red hair pirates.jpg
WARNING 2025-12-03 19:14:30,057 basehttp "GET /media/jolly%20roger%20of%20red%20hair%20pirates.jpg HTTP/1.1" 404 2821
INFO 2025-12-03 19:14:30,130 basehttp "GET /summernote/editor/id_content/ HTTP/1.1" 200 7170
INFO 2025-12-03 19:14:30,195 basehttp "GET /static/summernote/lang/summernote-en-US.min.js?_=1764769470157 HTTP/1.1" 200 4607
INFO 2025-12-03 19:14:45,713 basehttp "POST /admin/blog/post/add/?_changelist_filters=o%3D3.-10 HTTP/1.1" 200 52468
INFO 2025-12-03 19:14:45,790 basehttp "GET /admin/jsi18n/ HTTP/1.1" 200 3342
INFO 2025-12-03 19:14:45,820 basehttp "GET /summernote/editor/id_content/ HTTP/1.1" 200 7170
INFO 2025-12-03 19:14:45,929 basehttp "GET /static/summernote/lang/summernote-en-US.min.js?_=1764769485900 HTTP/1.1" 200 4607
INFO 2025-12-03 19:15:04,737 basehttp "POST /admin/blog/post/add/?_changelist_filters=o%3D3.-10 HTTP/1.1" 302 0
INFO 2025-12-03 19:15:04,868 basehttp "GET /admin/blog/post/?o=3.-10 HTTP/1.1" 200 19453
INFO 2025-12-03 19:15:04,964 basehttp "GET /admin/jsi18n/ HTTP/1.1" 200 3342
INFO 2025-12-03 19:15:08,925 basehttp "GET /admin/blog/post/5830e0a3-91bc-4197-8911-f1f29fb75317/change/?_changelist_filters=o%3D3.-10 HTTP/1.1" 200 41511
INFO 2025-12-03 19:15:08,995 basehttp "GET /media/blog_images/2025/12/one_piece.jpg HTTP/1.1" 304 0
INFO 2025-12-03 19:15:09,000 basehttp "GET /admin/jsi18n/ HTTP/1.1" 200 3342
INFO 2025-12-03 19:15:09,033 basehttp "GET /summernote/editor/id_content/ HTTP/1.1" 200 7170
INFO 2025-12-03 19:15:09,149 basehttp "GET /static/summernote/lang/summernote-en-US.min.js?_=1764769509114 HTTP/1.1" 200 4607
INFO 2025-12-03 19:15:51,899 basehttp "POST /admin/blog/post/5830e0a3-91bc-4197-8911-f1f29fb75317/change/?_changelist_filters=o%3D3.-10 HTTP/1.1" 302 0
INFO 2025-12-03 19:15:51,969 basehttp "GET /admin/blog/post/?o=3.-10 HTTP/1.1" 200 19458
INFO 2025-12-03 19:15:52,062 basehttp "GET /admin/jsi18n/ HTTP/1.1" 200 3342
INFO 2025-12-03 19:15:55,114 basehttp "GET /admin/blog/post/6b32ae2c-3490-4368-a484-f244b3d65070/change/?_changelist_filters=o%3D3.-10 HTTP/1.1" 200 52885
INFO 2025-12-03 19:15:55,218 basehttp "GET /admin/jsi18n/ HTTP/1.1" 200 3342
INFO 2025-12-03 19:15:55,254 basehttp "GET /summernote/editor/id_content/ HTTP/1.1" 200 7170
INFO 2025-12-03 19:15:55,360 basehttp "GET /static/summernote/lang/summernote-en-US.min.js?_=1764769555328 HTTP/1.1" 200 4607
INFO 2025-12-03 19:16:02,994 basehttp "POST /admin/blog/post/6b32ae2c-3490-4368-a484-f244b3d65070/change/?_changelist_filters=o%3D3.-10 HTTP/1.1" 302 0
INFO 2025-12-03 19:16:03,050 basehttp "GET /admin/blog/post/?o=3.-10 HTTP/1.1" 200 19455
INFO 2025-12-03 19:16:03,137 basehttp "GET /admin/jsi18n/ HTTP/1.1" 200 3342
INFO 2025-12-03 19:16:12,355 basehttp "GET /api/home/ HTTP/1.1" 200 24569
INFO 2025-12-03 19:16:12,703 basehttp "GET /media/blog_images/2025/12/one_piece.jpg HTTP/1.1" 304 0
INFO 2025-12-03 19:16:24,645 basehttp "GET /api/posts/6b32ae2c-3490-4368-a484-f244b3d65070/ HTTP/1.1" 200 21035
INFO 2025-12-03 19:16:42,030 basehttp "GET /api/posts/? HTTP/1.1" 200 1748
INFO 2025-12-03 19:16:58,569 basehttp "GET /api/posts/? HTTP/1.1" 200 1748
INFO 2025-12-03 19:17:05,757 basehttp "GET /api/posts/5830e0a3-91bc-4197-8911-f1f29fb75317/ HTTP/1.1" 200 12919
INFO 2025-12-03 19:17:23,470 basehttp "GET /api/posts/5830e0a3-91bc-4197-8911-f1f29fb75317/ HTTP/1.1" 200 12919
INFO 2025-12-03 19:17:31,709 basehttp "GET /api/posts/? HTTP/1.1" 200 1748
INFO 2025-12-03 19:17:32,024 basehttp "GET /media/blog_images/2025/12/one_piece.jpg HTTP/1.1" 304 0
INFO 2025-12-03 19:17:36,755 basehttp "GET /api/posts/6b32ae2c-3490-4368-a484-f244b3d65070/ HTTP/1.1" 200 21035
INFO 2025-12-03 19:17:44,887 basehttp "GET /api/home/ HTTP/1.1" 200 24569
INFO 2025-12-03 19:18:03,213 basehttp "GET /admin/blog/post/6b32ae2c-3490-4368-a484-f244b3d65070/change/?_changelist_filters=o%3D3.-10 HTTP/1.1" 200 52885
INFO 2025-12-03 19:18:03,319 basehttp "GET /admin/jsi18n/ HTTP/1.1" 200 3342
INFO 2025-12-03 19:18:03,841 basehttp "GET /summernote/editor/id_content/ HTTP/1.1" 200 7170
INFO 2025-12-03 19:18:04,015 basehttp "GET /static/summernote/lang/summernote-en-US.min.js?_=1764769683951 HTTP/1.1" 200 4607
INFO 2025-12-03 19:18:14,118 basehttp "POST /admin/blog/post/6b32ae2c-3490-4368-a484-f244b3d65070/change/?_changelist_filters=o%3D3.-10 HTTP/1.1" 302 0
INFO 2025-12-03 19:18:14,191 basehttp "GET /admin/blog/post/?o=3.-10 HTTP/1.1" 200 19455
INFO 2025-12-03 19:18:14,253 basehttp "GET /admin/jsi18n/ HTTP/1.1" 200 3342
INFO 2025-12-03 19:18:17,362 basehttp "GET /admin/blog/post/5830e0a3-91bc-4197-8911-f1f29fb75317/change/?_changelist_filters=o%3D3.-10 HTTP/1.1" 200 41522
INFO 2025-12-03 19:18:17,417 basehttp "GET /media/blog_images/2025/12/one_piece.jpg HTTP/1.1" 304 0
INFO 2025-12-03 19:18:17,426 basehttp "GET /admin/jsi18n/ HTTP/1.1" 200 3342
INFO 2025-12-03 19:18:17,462 basehttp "GET /summernote/editor/id_content/ HTTP/1.1" 200 7170
INFO 2025-12-03 19:18:17,576 basehttp "GET /static/summernote/lang/summernote-en-US.min.js?_=1764769697539 HTTP/1.1" 200 4607
INFO 2025-12-03 19:18:20,755 basehttp "POST /admin/blog/post/5830e0a3-91bc-4197-8911-f1f29fb75317/change/?_changelist_filters=o%3D3.-10 HTTP/1.1" 302 0
INFO 2025-12-03 19:18:20,808 basehttp "GET /admin/blog/post/?o=3.-10 HTTP/1.1" 200 19458
INFO 2025-12-03 19:18:20,870 basehttp "GET /admin/jsi18n/ HTTP/1.1" 200 3342
INFO 2025-12-03 19:18:22,123 basehttp "GET /admin/blog/post/6b32ae2c-3490-4368-a484-f244b3d65070/change/?_changelist_filters=o%3D3.-10 HTTP/1.1" 200 53380
INFO 2025-12-03 19:18:22,190 basehttp "GET /admin/jsi18n/ HTTP/1.1" 200 3342
INFO 2025-12-03 19:18:22,222 basehttp "GET /summernote/editor/id_content/ HTTP/1.1" 200 7170
INFO 2025-12-03 19:18:22,227 basehttp "GET /media/blog_images/2025/12/jolly_roger_of_red_hair_pirates_wWM39Gw.jpg HTTP/1.1" 200 14174
INFO 2025-12-03 19:18:22,347 basehttp "GET /static/summernote/lang/summernote-en-US.min.js?_=1764769702296 HTTP/1.1" 200 4607
INFO 2025-12-03 19:18:26,140 basehttp "POST /admin/blog/post/6b32ae2c-3490-4368-a484-f244b3d65070/change/?_changelist_filters=o%3D3.-10 HTTP/1.1" 302 0
INFO 2025-12-03 19:18:26,210 basehttp "GET /admin/blog/post/?o=3.-10 HTTP/1.1" 200 19455
INFO 2025-12-03 19:18:26,286 basehttp "GET /admin/jsi18n/ HTTP/1.1" 200 3342
INFO 2025-12-03 19:18:33,748 basehttp "GET /api/home/ HTTP/1.1" 200 24836
INFO 2025-12-03 19:18:34,098 basehttp "GET /media/blog_images/2025/12/jolly_roger_of_red_hair_pirates_wWM39Gw.jpg HTTP/1.1" 200 14174
INFO 2025-12-03 19:18:40,394 basehttp "GET /api/posts/6b32ae2c-3490-4368-a484-f244b3d65070/ HTTP/1.1" 200 21124
INFO 2025-12-03 19:20:03,672 basehttp "GET /admin/blog/post/?o=-10 HTTP/1.1" 200 18736
INFO 2025-12-03 19:20:03,880 basehttp "GET /admin/jsi18n/ HTTP/1.1" 200 3342
INFO 2025-12-03 19:20:06,383 basehttp "GET /admin/blog/post/?o=3.-10 HTTP/1.1" 200 19172
INFO 2025-12-03 19:20:06,490 basehttp "GET /admin/jsi18n/ HTTP/1.1" 200 3342
INFO 2025-12-03 19:20:11,125 basehttp "GET /admin/blog/post/?o=-3.-10 HTTP/1.1" 200 19208
INFO 2025-12-03 19:20:11,183 basehttp "GET /admin/jsi18n/ HTTP/1.1" 200 3342
INFO 2025-12-03 19:20:22,369 basehttp "GET /admin/blog/category/add/ HTTP/1.1" 200 13569
INFO 2025-12-03 19:20:22,420 basehttp "GET /admin/jsi18n/ HTTP/1.1" 200 3342
INFO 2025-12-03 19:22:34,778 basehttp "GET /api/posts/6b32ae2c-3490-4368-a484-f244b3d65070/ HTTP/1.1" 200 21124
INFO 2025-12-03 19:22:35,270 basehttp "GET /media/blog_images/2025/12/one_piece.jpg HTTP/1.1" 304 0
INFO 2025-12-03 19:22:35,270 basehttp "GET /media/blog_images/2025/12/jolly_roger_of_red_hair_pirates_wWM39Gw.jpg HTTP/1.1" 304 0
INFO 2025-12-03 19:22:40,238 basehttp "GET /api/posts/6b32ae2c-3490-4368-a484-f244b3d65070/ HTTP/1.1" 200 21124
INFO 2025-12-03 19:22:46,079 basehttp "GET /api/home/ HTTP/1.1" 200 24836
INFO 2025-12-03 19:22:56,619 basehttp "GET /api/posts/5830e0a3-91bc-4197-8911-f1f29fb75317/ HTTP/1.1" 200 13008
INFO 2025-12-03 19:23:28,510 basehttp "GET /api/posts/6b32ae2c-3490-4368-a484-f244b3d65070/ HTTP/1.1" 200 21124
INFO 2025-12-03 19:23:31,858 basehttp "GET /api/categories/ HTTP/1.1" 200 176
INFO 2025-12-03 19:23:49,707 basehttp "GET /api/home/ HTTP/1.1" 200 24836
INFO 2025-12-03 19:24:05,283 basehttp "GET /api/home/ HTTP/1.1" 200 24836
INFO 2025-12-03 19:24:05,680 basehttp "GET /media/blog_images/2025/12/jolly_roger_of_red_hair_pirates_wWM39Gw.jpg HTTP/1.1" 304 0
INFO 2025-12-03 19:24:58,713 basehttp "GET /admin/blog/post/?o=-3.-10 HTTP/1.1" 200 19208
INFO 2025-12-03 19:26:49,774 basehttp "GET /api/home/ HTTP/1.1" 200 24836
INFO 2025-12-03 19:26:50,556 basehttp "GET /media/blog_images/2025/12/one_piece.jpg HTTP/1.1" 304 0
INFO 2025-12-03 19:26:50,561 basehttp "GET /media/blog_images/2025/12/jolly_roger_of_red_hair_pirates_wWM39Gw.jpg HTTP/1.1" 304 0
INFO 2025-12-03 19:26:56,290 basehttp "GET /api/posts/6b32ae2c-3490-4368-a484-f244b3d65070/ HTTP/1.1" 200 21124
INFO 2025-12-03 19:27:53,223 basehttp "GET /api/home/ HTTP/1.1" 200 24836
INFO 2025-12-03 19:27:53,895 basehttp "GET /media/blog_images/2025/12/jolly_roger_of_red_hair_pirates_wWM39Gw.jpg HTTP/1.1" 304 0
INFO 2025-12-03 19:30:12,605 basehttp "GET /admin/blog/post/add/ HTTP/1.1" 200 26680
INFO 2025-12-03 19:30:12,806 basehttp "GET /admin/jsi18n/ HTTP/1.1" 200 3342
INFO 2025-12-03 19:30:12,921 basehttp "GET /summernote/editor/id_content/ HTTP/1.1" 200 7170
INFO 2025-12-03 19:30:13,149 basehttp "GET /static/summernote/lang/summernote-en-US.min.js?_=1764770413073 HTTP/1.1" 200 4607
INFO 2025-12-03 19:36:59,020 basehttp "POST /admin/blog/post/add/ HTTP/1.1" 302 0
INFO 2025-12-03 19:36:59,179 basehttp "GET /admin/blog/post/d3c3bee6-e340-412c-8251-d30013d62020/change/ HTTP/1.1" 200 45509
INFO 2025-12-03 19:36:59,386 basehttp "GET /admin/jsi18n/ HTTP/1.1" 200 3342
INFO 2025-12-03 19:36:59,446 basehttp "GET /media/blog_images/2025/12/Horizontal_One_Piece_Wallpaper.jpeg HTTP/1.1" 200 128183
INFO 2025-12-03 19:36:59,516 basehttp "GET /summernote/editor/id_content/ HTTP/1.1" 200 7170
INFO 2025-12-03 19:36:59,795 basehttp "GET /static/summernote/lang/summernote-en-US.min.js?_=1764770819658 HTTP/1.1" 200 4607
INFO 2025-12-03 19:37:10,730 basehttp "POST /admin/blog/post/d3c3bee6-e340-412c-8251-d30013d62020/change/ HTTP/1.1" 302 0
INFO 2025-12-03 19:37:10,864 basehttp "GET /admin/blog/post/ HTTP/1.1" 200 19951
INFO 2025-12-03 19:37:10,931 basehttp "GET /admin/jsi18n/ HTTP/1.1" 200 3342
INFO 2025-12-03 19:37:30,584 basehttp "GET /api/home/ HTTP/1.1" 200 27737
INFO 2025-12-03 19:37:30,996 basehttp "GET /media/blog_images/2025/12/jolly_roger_of_red_hair_pirates_wWM39Gw.jpg HTTP/1.1" 304 0
INFO 2025-12-03 19:37:30,999 basehttp "GET /media/blog_images/2025/12/one_piece.jpg HTTP/1.1" 304 0
INFO 2025-12-03 19:37:31,117 basehttp "GET /media/blog_images/2025/12/Horizontal_One_Piece_Wallpaper.jpeg HTTP/1.1" 200 128183
INFO 2025-12-03 19:37:43,363 basehttp "GET /api/posts/d3c3bee6-e340-412c-8251-d30013d62020/ HTTP/1.1" 200 16023
INFO 2025-12-03 19:38:14,876 basehttp "GET /api/posts/? HTTP/1.1" 200 2804
INFO 2025-12-03 19:38:24,311 basehttp "GET /api/categories/ HTTP/1.1" 200 176
INFO 2025-12-03 19:45:50,573 basehttp "GET /api/categories/ HTTP/1.1" 200 176
INFO 2025-12-03 19:45:53,845 basehttp "GET /api/home/ HTTP/1.1" 200 27737
INFO 2025-12-03 19:45:54,294 basehttp "GET /media/blog_images/2025/12/Horizontal_One_Piece_Wallpaper.jpeg HTTP/1.1" 304 0
INFO 2025-12-03 19:45:54,296 basehttp "GET /media/blog_images/2025/12/jolly_roger_of_red_hair_pirates_wWM39Gw.jpg HTTP/1.1" 304 0
INFO 2025-12-03 19:45:54,309 basehttp "GET /media/blog_images/2025/12/one_piece.jpg HTTP/1.1" 304 0
INFO 2025-12-03 19:46:03,268 basehttp "GET /api/posts/? HTTP/1.1" 200 2804
INFO 2025-12-03 19:46:09,845 basehttp "GET /api/categories/ HTTP/1.1" 200 176
INFO 2025-12-03 19:46:16,374 basehttp "GET /api/posts/? HTTP/1.1" 200 2804
INFO 2025-12-03 19:46:19,407 basehttp "GET /api/posts/d3c3bee6-e340-412c-8251-d30013d62020/ HTTP/1.1" 200 16023
INFO 2025-12-03 19:46:28,938 basehttp "GET /admin/blog/post/d3c3bee6-e340-412c-8251-d30013d62020/change/ HTTP/1.1" 200 45197
INFO 2025-12-03 19:46:29,015 basehttp "GET /media/blog_images/2025/12/Horizontal_One_Piece_Wallpaper.jpeg HTTP/1.1" 304 0
INFO 2025-12-03 19:46:29,027 basehttp "GET /admin/jsi18n/ HTTP/1.1" 200 3342
INFO 2025-12-03 19:46:29,093 basehttp "GET /summernote/editor/id_content/ HTTP/1.1" 200 7170
INFO 2025-12-03 19:46:29,249 basehttp "GET /static/summernote/lang/summernote-en-US.min.js?_=1764771389193 HTTP/1.1" 200 4607
INFO 2025-12-03 19:47:33,212 basehttp "POST /admin/blog/post/d3c3bee6-e340-412c-8251-d30013d62020/change/ HTTP/1.1" 302 0
INFO 2025-12-03 19:47:33,316 basehttp "GET /admin/blog/post/ HTTP/1.1" 200 19959
INFO 2025-12-03 19:47:33,436 basehttp "GET /admin/jsi18n/ HTTP/1.1" 200 3342
INFO 2025-12-03 19:47:47,264 basehttp "GET /api/posts/d3c3bee6-e340-412c-8251-d30013d62020/ HTTP/1.1" 200 16916
INFO 2025-12-03 19:47:47,605 basehttp "GET /media/blog_images/2025/12/Horizontal_One_Piece_Wallpaper.jpeg HTTP/1.1" 304 0
INFO 2025-12-03 19:50:54,804 autoreload C:\Users\ASUS\Downloads\vs code\.vscode\Coffee'n me\Backend\coffeeme_project\App\settings.py changed, reloading.
INFO 2025-12-03 19:58:26,484 autoreload Watching for file changes with StatReloader
INFO 2025-12-03 20:38:21,659 autoreload Watching for file changes with StatReloader
INFO 2025-12-03 20:39:02,373 basehttp "GET /admin/ HTTP/1.1" 200 13342
INFO 2025-12-03 20:39:12,428 basehttp "GET /admin/blog/post/d3c3bee6-e340-412c-8251-d30013d62020/change/ HTTP/1.1" 200 46463
INFO 2025-12-03 20:39:12,849 basehttp "GET /media/blog_images/2025/12/Horizontal_One_Piece_Wallpaper.jpeg HTTP/1.1" 304 0
INFO 2025-12-03 20:39:12,882 basehttp "GET /admin/jsi18n/ HTTP/1.1" 200 3342
INFO 2025-12-03 20:39:13,174 basehttp "GET /summernote/editor/id_content/ HTTP/1.1" 200 7170
INFO 2025-12-03 20:39:13,774 basehttp "GET /static/summernote/lang/summernote-en-US.min.js?_=1764774553283 HTTP/1.1" 200 4607
INFO 2025-12-03 20:39:34,791 basehttp "GET /admin/blog/category/ HTTP/1.1" 200 12035
INFO 2025-12-03 20:39:35,101 basehttp "GET /admin/jsi18n/ HTTP/1.1" 200 3342
INFO 2025-12-03 20:40:09,601 basehttp "GET /api/home/ HTTP/1.1" 200 22560
INFO 2025-12-03 20:40:10,342 basehttp "GET /media/blog_images/2025/12/Horizontal_One_Piece_Wallpaper.jpeg HTTP/1.1" 304 0
INFO 2025-12-03 20:40:10,343 basehttp "GET /media/blog_images/2025/12/one_piece.jpg HTTP/1.1" 304 0
WARNING 2025-12-03 20:40:10,553 log Not Found: /media/blog_images/2025/12/jolly_roger_of_red_hair_pirates_wWM39Gw.jpg
WARNING 2025-12-03 20:40:10,555 basehttp "GET /media/blog_images/2025/12/jolly_roger_of_red_hair_pirates_wWM39Gw.jpg HTTP/1.1" 404 2923
INFO 2025-12-03 20:40:18,795 basehttp "GET /api/posts/d3c3bee6-e340-412c-8251-d30013d62020/ HTTP/1.1" 200 16916
WARNING 2025-12-03 20:40:19,409 log Not Found: /media/blog_images/2025/12/jolly_roger_of_red_hair_pirates_wWM39Gw.jpg
WARNING 2025-12-03 20:40:19,428 basehttp "GET /media/blog_images/2025/12/jolly_roger_of_red_hair_pirates_wWM39Gw.jpg HTTP/1.1" 404 2923
INFO 2025-12-03 20:40:19,504 basehttp - Broken pipe from ('127.0.0.1', 62009)
INFO 2025-12-03 20:40:30,212 basehttp "GET /api/posts/6b32ae2c-3490-4368-a484-f244b3d65070/ HTTP/1.1" 200 22090
WARNING 2025-12-03 20:40:30,676 log Not Found: /media/blog_images/2025/12/jolly_roger_of_red_hair_pirates_wWM39Gw.jpg
WARNING 2025-12-03 20:40:30,677 basehttp "GET /media/blog_images/2025/12/jolly_roger_of_red_hair_pirates_wWM39Gw.jpg HTTP/1.1" 404 2923
INFO 2025-12-03 20:40:45,045 basehttp "GET /admin/blog/post/ HTTP/1.1" 200 19674
INFO 2025-12-03 20:40:45,208 basehttp "GET /admin/jsi18n/ HTTP/1.1" 200 3342
INFO 2025-12-03 20:40:48,162 basehttp "GET /admin/blog/post/6b32ae2c-3490-4368-a484-f244b3d65070/change/ HTTP/1.1" 200 53280
INFO 2025-12-03 20:40:48,224 basehttp "GET /admin/jsi18n/ HTTP/1.1" 200 3342
WARNING 2025-12-03 20:40:48,239 log Not Found: /media/blog_images/2025/12/jolly_roger_of_red_hair_pirates_wWM39Gw.jpg
WARNING 2025-12-03 20:40:48,241 basehttp "GET /media/blog_images/2025/12/jolly_roger_of_red_hair_pirates_wWM39Gw.jpg HTTP/1.1" 404 2923
INFO 2025-12-03 20:40:48,268 basehttp "GET /summernote/editor/id_content/ HTTP/1.1" 200 7170
INFO 2025-12-03 20:40:48,392 basehttp "GET /static/summernote/lang/summernote-en-US.min.js?_=1764774648345 HTTP/1.1" 200 4607
INFO 2025-12-03 20:41:32,408 basehttp "POST /admin/blog/post/6b32ae2c-3490-4368-a484-f244b3d65070/change/ HTTP/1.1" 200 53502
INFO 2025-12-03 20:41:32,500 basehttp "GET /admin/jsi18n/ HTTP/1.1" 200 3342
WARNING 2025-12-03 20:41:32,509 log Not Found: /media/blog_images/2025/12/jolly_roger_of_red_hair_pirates_wWM39Gw.jpg
WARNING 2025-12-03 20:41:32,511 basehttp "GET /media/blog_images/2025/12/jolly_roger_of_red_hair_pirates_wWM39Gw.jpg HTTP/1.1" 404 2923
INFO 2025-12-03 20:41:32,534 basehttp "GET /summernote/editor/id_content/ HTTP/1.1" 200 7170
INFO 2025-12-03 20:41:32,643 basehttp "GET /static/summernote/lang/summernote-en-US.min.js?_=1764774692608 HTTP/1.1" 200 4607
INFO 2025-12-03 20:41:41,154 basehttp "POST /admin/blog/post/6b32ae2c-3490-4368-a484-f244b3d65070/change/ HTTP/1.1" 302 0
INFO 2025-12-03 20:41:41,217 basehttp "GET /admin/blog/post/ HTTP/1.1" 200 19957
INFO 2025-12-03 20:41:41,272 basehttp "GET /admin/jsi18n/ HTTP/1.1" 200 3342
INFO 2025-12-03 20:41:56,089 basehttp "GET /api/posts/6b32ae2c-3490-4368-a484-f244b3d65070/ HTTP/1.1" 200 22001
INFO 2025-12-03 20:58:56,659 autoreload Watching for file changes with StatReloader
INFO 2025-12-03 20:59:23,476 basehttp "GET /api/home/ HTTP/1.1" 200 22293
INFO 2025-12-03 20:59:23,905 basehttp "GET /media/blog_images/2025/12/Horizontal_One_Piece_Wallpaper.jpeg HTTP/1.1" 304 0
INFO 2025-12-03 20:59:23,913 basehttp "GET /media/blog_images/2025/12/one_piece.jpg HTTP/1.1" 304 0
INFO 2025-12-03 20:59:33,440 basehttp "GET /api/posts/6b32ae2c-3490-4368-a484-f244b3d65070/ HTTP/1.1" 200 22002
INFO 2025-12-03 20:59:44,341 basehttp "GET /api/posts/d3c3bee6-e340-412c-8251-d30013d62020/ HTTP/1.1" 200 16828
INFO 2025-12-03 21:00:02,045 basehttp "GET /api/posts/6b32ae2c-3490-4368-a484-f244b3d65070/ HTTP/1.1" 200 22002
INFO 2025-12-03 21:00:42,396 basehttp "GET /api/categories/ HTTP/1.1" 200 176
INFO 2025-12-03 21:14:09,691 autoreload C:\Users\ASUS\Downloads\vs code\.vscode\Coffee'n me\Backend\coffeeme_project\App\urls.py changed, reloading.
INFO 2025-12-03 21:14:13,652 autoreload Watching for file changes with StatReloader
INFO 2025-12-03 21:14:33,816 basehttp "GET /api/categories/ HTTP/1.1" 200 176
INFO 2025-12-03 21:14:40,131 basehttp "GET /api/home/ HTTP/1.1" 200 22296
INFO 2025-12-03 21:14:41,333 basehttp "GET /media/blog_images/2025/12/one_piece.jpg HTTP/1.1" 304 0
INFO 2025-12-03 21:14:42,817 basehttp "GET /media/blog_images/2025/12/Horizontal_One_Piece_Wallpaper.jpeg HTTP/1.1" 200 38542
INFO 2025-12-03 21:30:18,948 autoreload Watching for file changes with StatReloader
INFO 2025-12-03 21:30:53,625 basehttp "GET /api/home/ HTTP/1.1" 200 22296
INFO 2025-12-03 21:30:54,042 basehttp "GET /media/blog_images/2025/12/one_piece.jpg HTTP/1.1" 304 0
INFO 2025-12-03 21:30:54,043 basehttp "GET /media/blog_images/2025/12/Horizontal_One_Piece_Wallpaper.jpeg HTTP/1.1" 304 0
INFO 2025-12-03 21:31:10,892 basehttp "GET /api/posts/d3c3bee6-e340-412c-8251-d30013d62020/ HTTP/1.1" 200 16828
INFO 2025-12-03 21:31:30,317 basehttp "GET /admin/ HTTP/1.1" 200 14025
INFO 2025-12-03 21:31:40,165 basehttp "GET /admin/authtoken/tokenproxy/ HTTP/1.1" 200 10403
INFO 2025-12-03 21:31:43,979 basehttp "GET /admin/blog/bookmark/ HTTP/1.1" 200 11419
INFO 2025-12-03 21:31:44,067 basehttp "GET /admin/jsi18n/ HTTP/1.1" 200 3342
INFO 2025-12-03 21:31:47,088 basehttp "GET /admin/blog/category/ HTTP/1.1" 200 12584
INFO 2025-12-03 21:31:47,144 basehttp "GET /admin/jsi18n/ HTTP/1.1" 200 3342
INFO 2025-12-03 21:31:49,285 basehttp "GET /admin/blog/comment/ HTTP/1.1" 200 12146
INFO 2025-12-03 21:31:49,358 basehttp "GET /admin/jsi18n/ HTTP/1.1" 200 3342
INFO 2025-12-03 21:31:51,964 basehttp "GET /admin/blog/like/ HTTP/1.1" 200 11391
INFO 2025-12-03 21:31:52,029 basehttp "GET /admin/jsi18n/ HTTP/1.1" 200 3342
INFO 2025-12-03 21:31:54,109 basehttp "GET /admin/blog/post/ HTTP/1.1" 200 20224
INFO 2025-12-03 21:31:54,206 basehttp "GET /admin/jsi18n/ HTTP/1.1" 200 3342
INFO 2025-12-03 21:31:58,496 basehttp "GET /admin/blog/post/6b32ae2c-3490-4368-a484-f244b3d65070/change/ HTTP/1.1" 200 53335
INFO 2025-12-03 21:31:58,570 basehttp "GET /admin/jsi18n/ HTTP/1.1" 200 3342
INFO 2025-12-03 21:31:58,609 basehttp "GET /summernote/editor/id_content/ HTTP/1.1" 200 7170
INFO 2025-12-03 21:31:59,032 basehttp "GET /static/summernote/lang/summernote-en-US.min.js?_=1764777718762 HTTP/1.1" 200 4607
INFO 2025-12-03 21:32:28,467 basehttp "POST /admin/blog/post/6b32ae2c-3490-4368-a484-f244b3d65070/change/ HTTP/1.1" 302 0
INFO 2025-12-03 21:32:28,528 basehttp "GET /admin/blog/post/ HTTP/1.1" 200 20507
INFO 2025-12-03 21:32:28,605 basehttp "GET /admin/jsi18n/ HTTP/1.1" 200 3342
INFO 2025-12-03 21:32:36,528 basehttp "GET /api/posts/d3c3bee6-e340-412c-8251-d30013d62020/ HTTP/1.1" 200 16917
INFO 2025-12-03 21:32:36,902 basehttp "GET /media/blog_images/2025/12/jolly_roger_of_red_hair_pirates_lKElw5Q.jpg HTTP/1.1" 200 14174
INFO 2025-12-03 21:32:50,467 basehttp "GET /api/home/ HTTP/1.1" 200 22563
INFO 2025-12-03 21:36:39,532 basehttp "GET /api/home/ HTTP/1.1" 200 22563
INFO 2025-12-03 21:36:39,916 basehttp "GET /media/blog_images/2025/12/Horizontal_One_Piece_Wallpaper.jpeg HTTP/1.1" 304 0
INFO 2025-12-03 21:36:39,968 basehttp "GET /media/blog_images/2025/12/jolly_roger_of_red_hair_pirates_lKElw5Q.jpg HTTP/1.1" 304 0
INFO 2025-12-03 21:37:42,383 basehttp "GET /api/home/ HTTP/1.1" 200 22563
INFO 2025-12-03 21:37:42,754 basehttp "GET /media/blog_images/2025/12/jolly_roger_of_red_hair_pirates_lKElw5Q.jpg HTTP/1.1" 304 0
INFO 2025-12-03 21:38:00,593 basehttp "GET /api/posts/? HTTP/1.1" 200 2804
INFO 2025-12-03 21:38:08,261 basehttp "GET /api/posts/6b32ae2c-3490-4368-a484-f244b3d65070/ HTTP/1.1" 200 22091
WARNING 2026-01-12 20:52:21,446 log Unauthorized: /api/comments/
WARNING 2026-01-12 20:52:29,181 log Unauthorized: /api/posts/c0983b26-1b55-4869-abac-5b5dbf7d2541/like/
WARNING 2026-01-12 20:52:33,072 log Not Found: /api/posts/slug/nonexistent-slug/
WARNING 2026-01-12 20:52:35,025 log Unauthorized: /api/posts/
WARNING 2026-01-12 20:52:38,893 log Bad Request: /api/search/
